0 info it worked if it ends with ok
1 verbose cli [ '/usr/local/bin/node',
1 verbose cli   '/usr/local/bin/npm',
1 verbose cli   'install',
1 verbose cli   'grunt-compass' ]
2 info using npm@3.9.5
3 info using node@v6.2.1
4 silly loadCurrentTree Starting
5 silly install loadCurrentTree
6 silly install readLocalPackageData
7 silly fetchPackageMetaData grunt-compass
8 silly fetchNamedPackageData grunt-compass
9 silly mapToRegistry name grunt-compass
10 silly mapToRegistry using default registry
11 silly mapToRegistry registry https://registry.npmjs.org/
12 silly mapToRegistry data Result {
12 silly mapToRegistry   raw: 'grunt-compass',
12 silly mapToRegistry   scope: null,
12 silly mapToRegistry   name: 'grunt-compass',
12 silly mapToRegistry   rawSpec: '',
12 silly mapToRegistry   spec: 'latest',
12 silly mapToRegistry   type: 'tag' }
13 silly mapToRegistry uri https://registry.npmjs.org/grunt-compass
14 verbose request uri https://registry.npmjs.org/grunt-compass
15 verbose request no auth needed
16 info attempt registry request try #1 at 4:19:39 PM
17 verbose request id 43e1f0f49d49d908
18 verbose etag "6H9QH1YTPBERUY3A6YKBW882D"
19 http request GET https://registry.npmjs.org/grunt-compass
20 http 304 https://registry.npmjs.org/grunt-compass
21 verbose headers { date: 'Mon, 29 Aug 2016 20:19:39 GMT',
21 verbose headers   via: '1.1 varnish',
21 verbose headers   'cache-control': 'max-age=300',
21 verbose headers   etag: '"6H9QH1YTPBERUY3A6YKBW882D"',
21 verbose headers   age: '36',
21 verbose headers   connection: 'keep-alive',
21 verbose headers   'x-served-by': 'cache-jfk8139-JFK',
21 verbose headers   'x-cache': 'HIT',
21 verbose headers   'x-cache-hits': '1',
21 verbose headers   'x-timer': 'S1472501979.917643,VS0,VE0',
21 verbose headers   vary: 'Accept-Encoding' }
22 silly get cb [ 304,
22 silly get   { date: 'Mon, 29 Aug 2016 20:19:39 GMT',
22 silly get     via: '1.1 varnish',
22 silly get     'cache-control': 'max-age=300',
22 silly get     etag: '"6H9QH1YTPBERUY3A6YKBW882D"',
22 silly get     age: '36',
22 silly get     connection: 'keep-alive',
22 silly get     'x-served-by': 'cache-jfk8139-JFK',
22 silly get     'x-cache': 'HIT',
22 silly get     'x-cache-hits': '1',
22 silly get     'x-timer': 'S1472501979.917643,VS0,VE0',
22 silly get     vary: 'Accept-Encoding' } ]
23 verbose etag https://registry.npmjs.org/grunt-compass from cache
24 verbose get saving grunt-compass to /Users/gracekim/.npm/registry.npmjs.org/grunt-compass/.cache.json
25 verbose correctMkdir /Users/gracekim/.npm correctMkdir not in flight; initializing
26 silly install normalizeTree
27 silly loadCurrentTree Finishing
28 silly loadIdealTree Starting
29 silly install loadIdealTree
30 silly cloneCurrentTree Starting
31 silly install cloneCurrentTreeToIdealTree
32 silly cloneCurrentTree Finishing
33 silly loadShrinkwrap Starting
34 silly install loadShrinkwrap
35 silly loadShrinkwrap Finishing
36 silly loadAllDepsIntoIdealTree Starting
37 silly install loadAllDepsIntoIdealTree
38 silly resolveWithNewModule grunt-compass@0.3.9 checking installable status
39 silly cache add args [ 'grunt-compass', null ]
40 verbose cache add spec grunt-compass
41 silly cache add parsed spec Result {
41 silly cache add   raw: 'grunt-compass',
41 silly cache add   scope: null,
41 silly cache add   name: 'grunt-compass',
41 silly cache add   rawSpec: '',
41 silly cache add   spec: 'latest',
41 silly cache add   type: 'tag' }
42 silly addNamed grunt-compass@latest
43 verbose addNamed "latest" is being treated as a dist-tag for grunt-compass
44 info addNameTag [ 'grunt-compass', 'latest' ]
45 silly mapToRegistry name grunt-compass
46 silly mapToRegistry using default registry
47 silly mapToRegistry registry https://registry.npmjs.org/
48 silly mapToRegistry data Result {
48 silly mapToRegistry   raw: 'grunt-compass',
48 silly mapToRegistry   scope: null,
48 silly mapToRegistry   name: 'grunt-compass',
48 silly mapToRegistry   rawSpec: '',
48 silly mapToRegistry   spec: 'latest',
48 silly mapToRegistry   type: 'tag' }
49 silly mapToRegistry uri https://registry.npmjs.org/grunt-compass
50 verbose addNameTag registry:https://registry.npmjs.org/grunt-compass not in flight; fetching
51 verbose get https://registry.npmjs.org/grunt-compass not expired, no request
52 silly addNameTag next cb for grunt-compass with tag latest
53 silly addNamed grunt-compass@0.3.9
54 verbose addNamed "0.3.9" is a plain semver version for grunt-compass
55 warn deprecated grunt-compass@0.3.9: deprecate v0.3.9
56 silly cache afterAdd grunt-compass@0.3.9
57 verbose afterAdd /Users/gracekim/.npm/grunt-compass/0.3.9/package/package.json not in flight; writing
58 verbose correctMkdir /Users/gracekim/.npm correctMkdir not in flight; initializing
59 verbose afterAdd /Users/gracekim/.npm/grunt-compass/0.3.9/package/package.json written
60 silly loadAllDepsIntoIdealTree Finishing
61 silly idealTree:prePrune olay@1.0.0
61 silly idealTree:prePrune ├── abbrev@1.0.7
61 silly idealTree:prePrune ├── accepts@1.2.13
61 silly idealTree:prePrune ├── after@0.8.1
61 silly idealTree:prePrune ├── ansi-regex@2.0.0
61 silly idealTree:prePrune ├── ansi-styles@2.2.1
61 silly idealTree:prePrune ├── ansi@0.3.1
61 silly idealTree:prePrune ├── anymatch@1.3.0
61 silly idealTree:prePrune ├── are-we-there-yet@1.1.2
61 silly idealTree:prePrune ├── argparse@1.0.7
61 silly idealTree:prePrune ├── arr-diff@2.0.0
61 silly idealTree:prePrune ├── arr-flatten@1.0.1
61 silly idealTree:prePrune ├── array-find-index@1.0.1
61 silly idealTree:prePrune ├── array-index@1.0.0
61 silly idealTree:prePrune ├── array-unique@0.2.1
61 silly idealTree:prePrune ├── arraybuffer.slice@0.0.6
61 silly idealTree:prePrune ├── arrify@1.0.1
61 silly idealTree:prePrune ├── asn1@0.1.11
61 silly idealTree:prePrune ├── assert-plus@0.1.5
61 silly idealTree:prePrune ├── async-each-series@0.1.1
61 silly idealTree:prePrune ├── async-each@1.0.0
61 silly idealTree:prePrune ├── async-foreach@0.1.3
61 silly idealTree:prePrune ├── async@1.5.2
61 silly idealTree:prePrune ├── aws-sign2@0.6.0
61 silly idealTree:prePrune ├── backo2@1.0.2
61 silly idealTree:prePrune ├── balanced-match@0.4.1
61 silly idealTree:prePrune ├── base64-arraybuffer@0.1.2
61 silly idealTree:prePrune ├── base64id@0.1.0
61 silly idealTree:prePrune ├── batch@0.5.3
61 silly idealTree:prePrune ├── benchmark@1.0.0
61 silly idealTree:prePrune ├── better-assert@1.0.2
61 silly idealTree:prePrune ├── binary-extensions@1.4.1
61 silly idealTree:prePrune ├─┬ bl@1.0.3
61 silly idealTree:prePrune │ └── readable-stream@2.0.6
61 silly idealTree:prePrune ├── blob@0.0.4
61 silly idealTree:prePrune ├── block-stream@0.0.9
61 silly idealTree:prePrune ├─┬ body-parser@1.14.2
61 silly idealTree:prePrune │ └── qs@5.2.0
61 silly idealTree:prePrune ├── boom@2.10.1
61 silly idealTree:prePrune ├── brace-expansion@1.1.4
61 silly idealTree:prePrune ├── braces@1.8.5
61 silly idealTree:prePrune ├── browser-sync-client@2.4.2
61 silly idealTree:prePrune ├── browser-sync-ui@0.5.19
61 silly idealTree:prePrune ├─┬ browser-sync@2.12.12
61 silly idealTree:prePrune │ └── qs@6.2.0
61 silly idealTree:prePrune ├── bs-recipes@1.2.2
61 silly idealTree:prePrune ├── buffer-shims@1.0.0
61 silly idealTree:prePrune ├── builtin-modules@1.1.1
61 silly idealTree:prePrune ├── bytes@2.2.0
61 silly idealTree:prePrune ├── callsite@1.0.0
61 silly idealTree:prePrune ├── camelcase-keys@2.1.0
61 silly idealTree:prePrune ├── camelcase@2.1.1
61 silly idealTree:prePrune ├── caseless@0.11.0
61 silly idealTree:prePrune ├── chalk@1.1.3
61 silly idealTree:prePrune ├── chokidar@1.5.1
61 silly idealTree:prePrune ├── cliui@3.2.0
61 silly idealTree:prePrune ├── code-point-at@1.0.0
61 silly idealTree:prePrune ├── coffee-script@1.10.0
61 silly idealTree:prePrune ├── colors@1.1.2
61 silly idealTree:prePrune ├── combined-stream@1.0.5
61 silly idealTree:prePrune ├── commander@2.9.0
61 silly idealTree:prePrune ├── component-bind@1.0.0
61 silly idealTree:prePrune ├── component-emitter@1.1.2
61 silly idealTree:prePrune ├── component-inherit@0.0.3
61 silly idealTree:prePrune ├── concat-map@0.0.1
61 silly idealTree:prePrune ├── connect-history-api-fallback@1.2.0
61 silly idealTree:prePrune ├── connect@3.4.1
61 silly idealTree:prePrune ├── content-type@1.0.2
61 silly idealTree:prePrune ├── core-util-is@1.0.2
61 silly idealTree:prePrune ├─┬ cross-spawn-async@2.2.4
61 silly idealTree:prePrune │ └── lru-cache@4.0.1
61 silly idealTree:prePrune ├── cross-spawn@0.2.9
61 silly idealTree:prePrune ├── cryptiles@2.0.5
61 silly idealTree:prePrune ├── ctype@0.5.3
61 silly idealTree:prePrune ├── currently-unhandled@0.4.1
61 silly idealTree:prePrune ├── d@0.1.1
61 silly idealTree:prePrune ├── dargs@4.1.0
61 silly idealTree:prePrune ├── dateformat@1.0.12
61 silly idealTree:prePrune ├── debug@2.2.0
61 silly idealTree:prePrune ├── decamelize@1.2.0
61 silly idealTree:prePrune ├── delayed-stream@1.0.0
61 silly idealTree:prePrune ├── delegates@1.0.0
61 silly idealTree:prePrune ├── depd@1.1.0
61 silly idealTree:prePrune ├── destroy@1.0.4
61 silly idealTree:prePrune ├── dev-ip@1.0.1
61 silly idealTree:prePrune ├── each-async@1.1.1
61 silly idealTree:prePrune ├── easy-extender@2.3.2
61 silly idealTree:prePrune ├── eazy-logger@2.1.3
61 silly idealTree:prePrune ├── ee-first@1.1.1
61 silly idealTree:prePrune ├── emitter-steward@1.0.0
61 silly idealTree:prePrune ├── engine.io-client@1.6.9
61 silly idealTree:prePrune ├─┬ engine.io-parser@1.2.4
61 silly idealTree:prePrune │ ├── has-binary@0.1.6
61 silly idealTree:prePrune │ └── isarray@0.0.1
61 silly idealTree:prePrune ├─┬ engine.io@1.6.9
61 silly idealTree:prePrune │ ├── accepts@1.1.4
61 silly idealTree:prePrune │ ├── mime-db@1.12.0
61 silly idealTree:prePrune │ ├── mime-types@2.0.14
61 silly idealTree:prePrune │ └── negotiator@0.4.9
61 silly idealTree:prePrune ├── error-ex@1.3.0
61 silly idealTree:prePrune ├─┬ es5-ext@0.10.11
61 silly idealTree:prePrune │ └── es6-symbol@3.0.2
61 silly idealTree:prePrune ├── es6-iterator@2.0.0
61 silly idealTree:prePrune ├── es6-symbol@3.1.0
61 silly idealTree:prePrune ├── escape-html@1.0.3
61 silly idealTree:prePrune ├── escape-string-regexp@1.0.5
61 silly idealTree:prePrune ├── esprima@2.7.2
61 silly idealTree:prePrune ├── etag@1.7.0
61 silly idealTree:prePrune ├── eventemitter2@0.4.14
61 silly idealTree:prePrune ├── eventemitter3@1.2.0
61 silly idealTree:prePrune ├── exit@0.1.2
61 silly idealTree:prePrune ├── expand-brackets@0.1.5
61 silly idealTree:prePrune ├── expand-range@1.8.2
61 silly idealTree:prePrune ├─┬ express@2.5.11
61 silly idealTree:prePrune │ ├── connect@1.9.2
61 silly idealTree:prePrune │ └── qs@0.4.2
61 silly idealTree:prePrune ├── extend@3.0.0
61 silly idealTree:prePrune ├── extglob@0.3.2
61 silly idealTree:prePrune ├── faye-websocket@0.10.0
61 silly idealTree:prePrune ├── filename-regex@2.0.0
61 silly idealTree:prePrune ├─┬ fileset@0.1.8
61 silly idealTree:prePrune │ ├─┬ glob@3.2.11
61 silly idealTree:prePrune │ │ └── minimatch@0.3.0
61 silly idealTree:prePrune │ └── minimatch@0.4.0
61 silly idealTree:prePrune ├── fill-range@2.2.3
61 silly idealTree:prePrune ├── finalhandler@0.4.1
61 silly idealTree:prePrune ├── find-up@1.1.2
61 silly idealTree:prePrune ├─┬ findup-sync@0.3.0
61 silly idealTree:prePrune │ └── glob@5.0.15
61 silly idealTree:prePrune ├── for-in@0.1.5
61 silly idealTree:prePrune ├── for-own@0.1.4
61 silly idealTree:prePrune ├── forever-agent@0.6.1
61 silly idealTree:prePrune ├── form-data@1.0.0-rc4
61 silly idealTree:prePrune ├── formidable@1.0.17
61 silly idealTree:prePrune ├── fresh@0.3.0
61 silly idealTree:prePrune ├── fs-extra@0.26.7
61 silly idealTree:prePrune ├─┬ fsevents@1.0.12
61 silly idealTree:prePrune │ ├── ansi-regex@2.0.0
61 silly idealTree:prePrune │ ├── ansi-styles@2.2.1
61 silly idealTree:prePrune │ ├── ansi@0.3.1
61 silly idealTree:prePrune │ ├── are-we-there-yet@1.1.2
61 silly idealTree:prePrune │ ├── asn1@0.2.3
61 silly idealTree:prePrune │ ├── assert-plus@0.2.0
61 silly idealTree:prePrune │ ├── async@1.5.2
61 silly idealTree:prePrune │ ├── aws-sign2@0.6.0
61 silly idealTree:prePrune │ ├─┬ aws4@1.3.2
61 silly idealTree:prePrune │ │ └─┬ lru-cache@4.0.1
61 silly idealTree:prePrune │ │   ├── pseudomap@1.0.2
61 silly idealTree:prePrune │ │   └── yallist@2.0.0
61 silly idealTree:prePrune │ ├── bl@1.0.3
61 silly idealTree:prePrune │ ├── block-stream@0.0.8
61 silly idealTree:prePrune │ ├── boom@2.10.1
61 silly idealTree:prePrune │ ├── caseless@0.11.0
61 silly idealTree:prePrune │ ├── chalk@1.1.3
61 silly idealTree:prePrune │ ├── combined-stream@1.0.5
61 silly idealTree:prePrune │ ├── commander@2.9.0
61 silly idealTree:prePrune │ ├── core-util-is@1.0.2
61 silly idealTree:prePrune │ ├── cryptiles@2.0.5
61 silly idealTree:prePrune │ ├─┬ dashdash@1.13.0
61 silly idealTree:prePrune │ │ └── assert-plus@1.0.0
61 silly idealTree:prePrune │ ├── debug@2.2.0
61 silly idealTree:prePrune │ ├── deep-extend@0.4.1
61 silly idealTree:prePrune │ ├── delayed-stream@1.0.0
61 silly idealTree:prePrune │ ├── delegates@1.0.0
61 silly idealTree:prePrune │ ├── ecc-jsbn@0.1.1
61 silly idealTree:prePrune │ ├── escape-string-regexp@1.0.5
61 silly idealTree:prePrune │ ├── extend@3.0.0
61 silly idealTree:prePrune │ ├── extsprintf@1.0.2
61 silly idealTree:prePrune │ ├── forever-agent@0.6.1
61 silly idealTree:prePrune │ ├── form-data@1.0.0-rc4
61 silly idealTree:prePrune │ ├─┬ fstream-ignore@1.0.3
61 silly idealTree:prePrune │ │ └─┬ minimatch@3.0.0
61 silly idealTree:prePrune │ │   └─┬ brace-expansion@1.1.3
61 silly idealTree:prePrune │ │     ├── balanced-match@0.3.0
61 silly idealTree:prePrune │ │     └── concat-map@0.0.1
61 silly idealTree:prePrune │ ├── fstream@1.0.8
61 silly idealTree:prePrune │ ├── gauge@1.2.7
61 silly idealTree:prePrune │ ├── generate-function@2.0.0
61 silly idealTree:prePrune │ ├── generate-object-property@1.2.0
61 silly idealTree:prePrune │ ├── graceful-fs@4.1.3
61 silly idealTree:prePrune │ ├── graceful-readlink@1.0.1
61 silly idealTree:prePrune │ ├── har-validator@2.0.6
61 silly idealTree:prePrune │ ├── has-ansi@2.0.0
61 silly idealTree:prePrune │ ├── has-unicode@2.0.0
61 silly idealTree:prePrune │ ├── hawk@3.1.3
61 silly idealTree:prePrune │ ├── hoek@2.16.3
61 silly idealTree:prePrune │ ├── http-signature@1.1.1
61 silly idealTree:prePrune │ ├── inherits@2.0.1
61 silly idealTree:prePrune │ ├── ini@1.3.4
61 silly idealTree:prePrune │ ├── is-my-json-valid@2.13.1
61 silly idealTree:prePrune │ ├── is-property@1.0.2
61 silly idealTree:prePrune │ ├── is-typedarray@1.0.0
61 silly idealTree:prePrune │ ├── isarray@1.0.0
61 silly idealTree:prePrune │ ├── isstream@0.1.2
61 silly idealTree:prePrune │ ├── jodid25519@1.0.2
61 silly idealTree:prePrune │ ├── jsbn@0.1.0
61 silly idealTree:prePrune │ ├── json-schema@0.2.2
61 silly idealTree:prePrune │ ├── json-stringify-safe@5.0.1
61 silly idealTree:prePrune │ ├── jsonpointer@2.0.0
61 silly idealTree:prePrune │ ├── jsprim@1.2.2
61 silly idealTree:prePrune │ ├── lodash.pad@4.1.0
61 silly idealTree:prePrune │ ├── lodash.padend@4.2.0
61 silly idealTree:prePrune │ ├── lodash.padstart@4.2.0
61 silly idealTree:prePrune │ ├── lodash.repeat@4.0.0
61 silly idealTree:prePrune │ ├── lodash.tostring@4.1.2
61 silly idealTree:prePrune │ ├── mime-db@1.22.0
61 silly idealTree:prePrune │ ├── mime-types@2.1.10
61 silly idealTree:prePrune │ ├── minimist@0.0.8
61 silly idealTree:prePrune │ ├── mkdirp@0.5.1
61 silly idealTree:prePrune │ ├── ms@0.7.1
61 silly idealTree:prePrune │ ├─┬ node-pre-gyp@0.6.25
61 silly idealTree:prePrune │ │ └─┬ nopt@3.0.6
61 silly idealTree:prePrune │ │   └── abbrev@1.0.7
61 silly idealTree:prePrune │ ├── node-uuid@1.4.7
61 silly idealTree:prePrune │ ├── npmlog@2.0.3
61 silly idealTree:prePrune │ ├── oauth-sign@0.8.1
61 silly idealTree:prePrune │ ├── once@1.3.3
61 silly idealTree:prePrune │ ├── pinkie-promise@2.0.0
61 silly idealTree:prePrune │ ├── pinkie@2.0.4
61 silly idealTree:prePrune │ ├── process-nextick-args@1.0.6
61 silly idealTree:prePrune │ ├── qs@6.0.2
61 silly idealTree:prePrune │ ├─┬ rc@1.1.6
61 silly idealTree:prePrune │ │ └── minimist@1.2.0
61 silly idealTree:prePrune │ ├── readable-stream@2.0.6
61 silly idealTree:prePrune │ ├── request@2.69.0
61 silly idealTree:prePrune │ ├─┬ rimraf@2.5.2
61 silly idealTree:prePrune │ │ └─┬ glob@7.0.3
61 silly idealTree:prePrune │ │   ├─┬ inflight@1.0.4
61 silly idealTree:prePrune │ │   │ └── wrappy@1.0.1
61 silly idealTree:prePrune │ │   ├── inherits@2.0.1
61 silly idealTree:prePrune │ │   ├─┬ minimatch@3.0.0
61 silly idealTree:prePrune │ │   │ └─┬ brace-expansion@1.1.3
61 silly idealTree:prePrune │ │   │   ├── balanced-match@0.3.0
61 silly idealTree:prePrune │ │   │   └── concat-map@0.0.1
61 silly idealTree:prePrune │ │   ├─┬ once@1.3.3
61 silly idealTree:prePrune │ │   │ └── wrappy@1.0.1
61 silly idealTree:prePrune │ │   └── path-is-absolute@1.0.0
61 silly idealTree:prePrune │ ├── semver@5.1.0
61 silly idealTree:prePrune │ ├── sntp@1.0.9
61 silly idealTree:prePrune │ ├── sshpk@1.7.4
61 silly idealTree:prePrune │ ├── string_decoder@0.10.31
61 silly idealTree:prePrune │ ├── stringstream@0.0.5
61 silly idealTree:prePrune │ ├── strip-ansi@3.0.1
61 silly idealTree:prePrune │ ├── strip-json-comments@1.0.4
61 silly idealTree:prePrune │ ├── supports-color@2.0.0
61 silly idealTree:prePrune │ ├── tar-pack@3.1.3
61 silly idealTree:prePrune │ ├── tar@2.2.1
61 silly idealTree:prePrune │ ├── tough-cookie@2.2.2
61 silly idealTree:prePrune │ ├── tunnel-agent@0.4.2
61 silly idealTree:prePrune │ ├── tweetnacl@0.14.3
61 silly idealTree:prePrune │ ├── uid-number@0.0.6
61 silly idealTree:prePrune │ ├── util-deprecate@1.0.2
61 silly idealTree:prePrune │ ├── verror@1.3.6
61 silly idealTree:prePrune │ ├── wrappy@1.0.1
61 silly idealTree:prePrune │ └── xtend@4.0.1
61 silly idealTree:prePrune ├─┬ fstream@1.0.9
61 silly idealTree:prePrune │ ├── minimist@0.0.8
61 silly idealTree:prePrune │ └── mkdirp@0.5.1
61 silly idealTree:prePrune ├── gauge@1.2.7
61 silly idealTree:prePrune ├── gaze@1.0.0
61 silly idealTree:prePrune ├── generate-function@2.0.0
61 silly idealTree:prePrune ├── generate-object-property@1.2.0
61 silly idealTree:prePrune ├── get-stdin@4.0.1
61 silly idealTree:prePrune ├── getobject@0.1.0
61 silly idealTree:prePrune ├── glob-base@0.3.0
61 silly idealTree:prePrune ├── glob-parent@2.0.0
61 silly idealTree:prePrune ├── glob@7.0.3
61 silly idealTree:prePrune ├─┬ globule@0.2.0
61 silly idealTree:prePrune │ ├─┬ glob@3.2.11
61 silly idealTree:prePrune │ │ └── minimatch@0.3.0
61 silly idealTree:prePrune │ ├── lodash@2.4.2
61 silly idealTree:prePrune │ └── minimatch@0.2.14
61 silly idealTree:prePrune ├── graceful-fs@4.1.4
61 silly idealTree:prePrune ├── graceful-readlink@1.0.1
61 silly idealTree:prePrune ├── grunt-browser-sync@2.2.0
61 silly idealTree:prePrune ├── grunt-cli@1.2.0
61 silly idealTree:prePrune ├── grunt-compass@0.3.9
61 silly idealTree:prePrune ├─┬ grunt-contrib-sass@1.0.0
61 silly idealTree:prePrune │ └── async@0.9.2
61 silly idealTree:prePrune ├── grunt-contrib-watch@1.0.0
61 silly idealTree:prePrune ├── grunt-known-options@1.1.0
61 silly idealTree:prePrune ├─┬ grunt-legacy-log-utils@1.0.0
61 silly idealTree:prePrune │ └── lodash@4.3.0
61 silly idealTree:prePrune ├── grunt-legacy-log@1.0.0
61 silly idealTree:prePrune ├─┬ grunt-legacy-util@1.0.0
61 silly idealTree:prePrune │ └── lodash@4.3.0
61 silly idealTree:prePrune ├─┬ grunt-livereload@0.1.3
61 silly idealTree:prePrune │ ├── debug@0.7.4
61 silly idealTree:prePrune │ ├── gaze@0.3.4
61 silly idealTree:prePrune │ └── minimatch@0.2.14
61 silly idealTree:prePrune ├── grunt-sass@1.2.0
61 silly idealTree:prePrune ├─┬ grunt@1.0.1
61 silly idealTree:prePrune │ └── grunt-cli@1.2.0
61 silly idealTree:prePrune ├── har-validator@2.0.6
61 silly idealTree:prePrune ├── has-ansi@2.0.0
61 silly idealTree:prePrune ├─┬ has-binary@0.1.7
61 silly idealTree:prePrune │ └── isarray@0.0.1
61 silly idealTree:prePrune ├── has-cors@1.1.0
61 silly idealTree:prePrune ├── has-unicode@2.0.0
61 silly idealTree:prePrune ├── hawk@3.1.3
61 silly idealTree:prePrune ├── hoek@2.16.3
61 silly idealTree:prePrune ├── hooker@0.2.3
61 silly idealTree:prePrune ├── hosted-git-info@2.1.5
61 silly idealTree:prePrune ├── http-errors@1.3.1
61 silly idealTree:prePrune ├── http-proxy@1.13.3
61 silly idealTree:prePrune ├── http-signature@0.11.0
61 silly idealTree:prePrune ├── iconv-lite@0.4.13
61 silly idealTree:prePrune ├── immutable@3.8.1
61 silly idealTree:prePrune ├── in-publish@2.0.0
61 silly idealTree:prePrune ├── indent-string@2.1.0
61 silly idealTree:prePrune ├── indexof@0.0.1
61 silly idealTree:prePrune ├── inflight@1.0.5
61 silly idealTree:prePrune ├── inherits@2.0.1
61 silly idealTree:prePrune ├── invert-kv@1.0.0
61 silly idealTree:prePrune ├── is-arrayish@0.2.1
61 silly idealTree:prePrune ├── is-binary-path@1.0.1
61 silly idealTree:prePrune ├── is-buffer@1.1.3
61 silly idealTree:prePrune ├── is-builtin-module@1.0.0
61 silly idealTree:prePrune ├── is-dotfile@1.0.2
61 silly idealTree:prePrune ├── is-equal-shallow@0.1.3
61 silly idealTree:prePrune ├── is-extendable@0.1.1
61 silly idealTree:prePrune ├── is-extglob@1.0.0
61 silly idealTree:prePrune ├── is-finite@1.0.1
61 silly idealTree:prePrune ├── is-fullwidth-code-point@1.0.0
61 silly idealTree:prePrune ├── is-glob@2.0.1
61 silly idealTree:prePrune ├── is-my-json-valid@2.13.1
61 silly idealTree:prePrune ├── is-number@2.1.0
61 silly idealTree:prePrune ├── is-posix-bracket@0.1.1
61 silly idealTree:prePrune ├── is-primitive@2.0.0
61 silly idealTree:prePrune ├── is-property@1.0.2
61 silly idealTree:prePrune ├── is-utf8@0.2.1
61 silly idealTree:prePrune ├── isarray@1.0.0
61 silly idealTree:prePrune ├── isexe@1.1.2
61 silly idealTree:prePrune ├── isobject@2.1.0
61 silly idealTree:prePrune ├── isstream@0.1.2
61 silly idealTree:prePrune ├── js-yaml@3.5.5
61 silly idealTree:prePrune ├── json-stringify-safe@5.0.1
61 silly idealTree:prePrune ├── json3@3.2.6
61 silly idealTree:prePrune ├── jsonfile@2.3.1
61 silly idealTree:prePrune ├── jsonpointer@2.0.0
61 silly idealTree:prePrune ├── kind-of@3.0.3
61 silly idealTree:prePrune ├── klaw@1.2.0
61 silly idealTree:prePrune ├── lcid@1.0.0
61 silly idealTree:prePrune ├── limiter@1.1.0
61 silly idealTree:prePrune ├── livereload-js@2.2.2
61 silly idealTree:prePrune ├─┬ livereload-protocol@0.2.2
61 silly idealTree:prePrune │ └── debug@0.7.4
61 silly idealTree:prePrune ├─┬ livereload-server@0.2.3
61 silly idealTree:prePrune │ └── debug@0.7.4
61 silly idealTree:prePrune ├── load-json-file@1.1.0
61 silly idealTree:prePrune ├─┬ localtunnel@1.8.1
61 silly idealTree:prePrune │ ├── camelcase@1.2.1
61 silly idealTree:prePrune │ └── yargs@3.29.0
61 silly idealTree:prePrune ├── lodash._baseclone@4.5.7
61 silly idealTree:prePrune ├── lodash._baseslice@4.0.0
61 silly idealTree:prePrune ├── lodash._basetostring@4.12.0
61 silly idealTree:prePrune ├── lodash.assign@4.0.9
61 silly idealTree:prePrune ├── lodash.clonedeep@4.3.1
61 silly idealTree:prePrune ├── lodash.keys@4.0.7
61 silly idealTree:prePrune ├── lodash.pad@4.4.0
61 silly idealTree:prePrune ├── lodash.padend@4.5.0
61 silly idealTree:prePrune ├── lodash.padstart@4.5.0
61 silly idealTree:prePrune ├── lodash.rest@4.0.3
61 silly idealTree:prePrune ├── lodash.tostring@4.1.3
61 silly idealTree:prePrune ├── lodash@3.10.1
61 silly idealTree:prePrune ├── loud-rejection@1.4.1
61 silly idealTree:prePrune ├── lru-cache@2.7.3
61 silly idealTree:prePrune ├── map-obj@1.0.1
61 silly idealTree:prePrune ├── media-typer@0.3.0
61 silly idealTree:prePrune ├── meow@3.7.0
61 silly idealTree:prePrune ├── micromatch@2.3.7
61 silly idealTree:prePrune ├── mime-db@1.23.0
61 silly idealTree:prePrune ├── mime-types@2.1.11
61 silly idealTree:prePrune ├── mime@1.2.4
61 silly idealTree:prePrune ├── minimatch@3.0.0
61 silly idealTree:prePrune ├── minimist@1.2.0
61 silly idealTree:prePrune ├── mkdirp@0.3.0
61 silly idealTree:prePrune ├── ms@0.7.1
61 silly idealTree:prePrune ├── nan@2.3.5
61 silly idealTree:prePrune ├── negotiator@0.5.3
61 silly idealTree:prePrune ├─┬ node-gyp@3.3.1
61 silly idealTree:prePrune │ ├─┬ glob@4.5.3
61 silly idealTree:prePrune │ │ └── minimatch@2.0.10
61 silly idealTree:prePrune │ ├── minimatch@1.0.0
61 silly idealTree:prePrune │ ├── minimist@0.0.8
61 silly idealTree:prePrune │ └── mkdirp@0.5.1
61 silly idealTree:prePrune ├─┬ node-sass@3.7.0
61 silly idealTree:prePrune │ ├── minimist@0.0.8
61 silly idealTree:prePrune │ └── mkdirp@0.5.1
61 silly idealTree:prePrune ├── node-uuid@1.4.7
61 silly idealTree:prePrune ├── nopt@3.0.6
61 silly idealTree:prePrune ├── normalize-package-data@2.3.5
61 silly idealTree:prePrune ├── normalize-path@2.0.1
61 silly idealTree:prePrune ├── npmlog@2.0.4
61 silly idealTree:prePrune ├── number-is-nan@1.0.0
61 silly idealTree:prePrune ├── oauth-sign@0.8.2
61 silly idealTree:prePrune ├── object-assign@4.1.0
61 silly idealTree:prePrune ├── object-component@0.0.3
61 silly idealTree:prePrune ├── object-path@0.9.2
61 silly idealTree:prePrune ├── object.omit@2.0.0
61 silly idealTree:prePrune ├── on-finished@2.3.0
61 silly idealTree:prePrune ├── once@1.3.3
61 silly idealTree:prePrune ├── onetime@1.1.0
61 silly idealTree:prePrune ├── openurl@1.1.0
61 silly idealTree:prePrune ├── opn@3.0.3
61 silly idealTree:prePrune ├── opt-merger@1.1.1
61 silly idealTree:prePrune ├── options@0.0.6
61 silly idealTree:prePrune ├── os-homedir@1.0.1
61 silly idealTree:prePrune ├── os-locale@1.4.0
61 silly idealTree:prePrune ├── os-tmpdir@1.0.1
61 silly idealTree:prePrune ├── osenv@0.1.3
61 silly idealTree:prePrune ├── parse-glob@3.0.4
61 silly idealTree:prePrune ├── parse-json@2.2.0
61 silly idealTree:prePrune ├── parsejson@0.0.1
61 silly idealTree:prePrune ├── parseqs@0.0.2
61 silly idealTree:prePrune ├── parseuri@0.0.4
61 silly idealTree:prePrune ├── parseurl@1.3.1
61 silly idealTree:prePrune ├── path-array@1.0.1
61 silly idealTree:prePrune ├── path-exists@2.1.0
61 silly idealTree:prePrune ├── path-is-absolute@1.0.0
61 silly idealTree:prePrune ├── path-type@1.1.0
61 silly idealTree:prePrune ├── pify@2.3.0
61 silly idealTree:prePrune ├── pinkie-promise@2.0.1
61 silly idealTree:prePrune ├── pinkie@2.0.4
61 silly idealTree:prePrune ├── pkg-conf@1.1.3
61 silly idealTree:prePrune ├─┬ portscanner@1.0.0
61 silly idealTree:prePrune │ └── async@0.1.15
61 silly idealTree:prePrune ├── preserve@0.2.0
61 silly idealTree:prePrune ├── process-nextick-args@1.0.7
61 silly idealTree:prePrune ├── pseudomap@1.0.2
61 silly idealTree:prePrune ├── qs@5.1.0
61 silly idealTree:prePrune ├── randomatic@1.1.5
61 silly idealTree:prePrune ├── range-parser@1.0.3
61 silly idealTree:prePrune ├─┬ raw-body@2.1.6
61 silly idealTree:prePrune │ └── bytes@2.3.0
61 silly idealTree:prePrune ├── read-pkg-up@1.0.1
61 silly idealTree:prePrune ├── read-pkg@1.1.0
61 silly idealTree:prePrune ├── readable-stream@2.1.4
61 silly idealTree:prePrune ├─┬ readdirp@2.0.0
61 silly idealTree:prePrune │ └── minimatch@2.0.10
61 silly idealTree:prePrune ├── redent@1.0.0
61 silly idealTree:prePrune ├── regex-cache@0.4.3
61 silly idealTree:prePrune ├── repeat-element@1.1.2
61 silly idealTree:prePrune ├── repeat-string@1.5.4
61 silly idealTree:prePrune ├── repeating@2.0.1
61 silly idealTree:prePrune ├─┬ request@2.65.0
61 silly idealTree:prePrune │ └── qs@5.2.0
61 silly idealTree:prePrune ├── require-main-filename@1.0.1
61 silly idealTree:prePrune ├── requires-port@1.0.0
61 silly idealTree:prePrune ├── resolve@1.1.7
61 silly idealTree:prePrune ├─┬ resp-modifier@6.0.1
61 silly idealTree:prePrune │ └── minimatch@2.0.10
61 silly idealTree:prePrune ├── rimraf@2.2.8
61 silly idealTree:prePrune ├─┬ sass-graph@2.1.1
61 silly idealTree:prePrune │ ├── glob@6.0.4
61 silly idealTree:prePrune │ ├── lodash@4.13.1
61 silly idealTree:prePrune │ └── yargs@3.32.0
61 silly idealTree:prePrune ├── semver@5.1.0
61 silly idealTree:prePrune ├─┬ send@0.13.1
61 silly idealTree:prePrune │ ├── mime@1.3.4
61 silly idealTree:prePrune │ └── statuses@1.2.1
61 silly idealTree:prePrune ├── serve-index@1.7.3
61 silly idealTree:prePrune ├── serve-static@1.10.2
61 silly idealTree:prePrune ├── set-blocking@1.0.0
61 silly idealTree:prePrune ├── set-immediate-shim@1.0.1
61 silly idealTree:prePrune ├── sigmund@1.0.1
61 silly idealTree:prePrune ├── signal-exit@2.1.2
61 silly idealTree:prePrune ├── sntp@1.0.9
61 silly idealTree:prePrune ├─┬ socket.io-adapter@0.4.0
61 silly idealTree:prePrune │ ├── isarray@0.0.1
61 silly idealTree:prePrune │ └─┬ socket.io-parser@2.2.2
61 silly idealTree:prePrune │   └── debug@0.7.4
61 silly idealTree:prePrune ├─┬ socket.io-client@1.4.6
61 silly idealTree:prePrune │ └── component-emitter@1.2.0
61 silly idealTree:prePrune ├─┬ socket.io-parser@2.2.6
61 silly idealTree:prePrune │ ├── isarray@0.0.1
61 silly idealTree:prePrune │ └── json3@3.3.2
61 silly idealTree:prePrune ├── socket.io@1.4.6
61 silly idealTree:prePrune ├── spdx-correct@1.0.2
61 silly idealTree:prePrune ├── spdx-exceptions@1.0.4
61 silly idealTree:prePrune ├── spdx-expression-parse@1.0.2
61 silly idealTree:prePrune ├── spdx-license-ids@1.2.1
61 silly idealTree:prePrune ├── sprintf-js@1.0.3
61 silly idealTree:prePrune ├── statuses@1.3.0
61 silly idealTree:prePrune ├── stream-throttle@0.1.3
61 silly idealTree:prePrune ├── string_decoder@0.10.31
61 silly idealTree:prePrune ├── string-width@1.0.1
61 silly idealTree:prePrune ├── stringstream@0.0.5
61 silly idealTree:prePrune ├── strip-ansi@3.0.1
61 silly idealTree:prePrune ├── strip-bom@2.0.0
61 silly idealTree:prePrune ├── strip-indent@1.0.1
61 silly idealTree:prePrune ├── supports-color@2.0.0
61 silly idealTree:prePrune ├── symbol@0.2.3
61 silly idealTree:prePrune ├── tar@2.2.1
61 silly idealTree:prePrune ├── tfunk@3.0.2
61 silly idealTree:prePrune ├── tiny-lr@0.2.1
61 silly idealTree:prePrune ├── tinycolor@0.0.1
61 silly idealTree:prePrune ├── to-array@0.1.4
61 silly idealTree:prePrune ├── tough-cookie@2.2.2
61 silly idealTree:prePrune ├── trim-newlines@1.0.0
61 silly idealTree:prePrune ├── tunnel-agent@0.4.3
61 silly idealTree:prePrune ├── type-is@1.6.13
61 silly idealTree:prePrune ├── ua-parser-js@0.7.10
61 silly idealTree:prePrune ├── ultron@1.0.2
61 silly idealTree:prePrune ├── underscore.string@3.2.3
61 silly idealTree:prePrune ├── underscore@1.7.0
61 silly idealTree:prePrune ├── unpipe@1.0.0
61 silly idealTree:prePrune ├── utf8@2.1.0
61 silly idealTree:prePrune ├── util-deprecate@1.0.2
61 silly idealTree:prePrune ├── utils-merge@1.0.0
61 silly idealTree:prePrune ├── validate-npm-package-license@3.0.1
61 silly idealTree:prePrune ├── websocket-driver@0.6.5
61 silly idealTree:prePrune ├── websocket-extensions@0.1.1
61 silly idealTree:prePrune ├─┬ websocket.io@0.2.1
61 silly idealTree:prePrune │ ├── commander@0.6.1
61 silly idealTree:prePrune │ ├── options@0.0.6
61 silly idealTree:prePrune │ └── ws@0.4.20
61 silly idealTree:prePrune ├── weinre@2.0.0-pre-I0Z7U9OV
61 silly idealTree:prePrune ├── which@1.2.10
61 silly idealTree:prePrune ├── window-size@0.1.4
61 silly idealTree:prePrune ├── wrap-ansi@2.0.0
61 silly idealTree:prePrune ├── wrappy@1.0.2
61 silly idealTree:prePrune ├── ws@1.0.1
61 silly idealTree:prePrune ├── xmlhttprequest-ssl@1.5.1
61 silly idealTree:prePrune ├── xtend@4.0.1
61 silly idealTree:prePrune ├── y18n@3.2.1
61 silly idealTree:prePrune ├── yallist@2.0.0
61 silly idealTree:prePrune ├── yargs-parser@2.4.0
61 silly idealTree:prePrune ├─┬ yargs@4.7.1
61 silly idealTree:prePrune │ ├── camelcase@3.0.0
61 silly idealTree:prePrune │ └── window-size@0.2.0
61 silly idealTree:prePrune └── yeast@0.1.2
62 silly loadIdealTree Finishing
63 silly currentTree olay@1.0.0
63 silly currentTree ├── abbrev@1.0.7
63 silly currentTree ├── accepts@1.2.13
63 silly currentTree ├── after@0.8.1
63 silly currentTree ├── ansi-regex@2.0.0
63 silly currentTree ├── ansi-styles@2.2.1
63 silly currentTree ├── ansi@0.3.1
63 silly currentTree ├── anymatch@1.3.0
63 silly currentTree ├── are-we-there-yet@1.1.2
63 silly currentTree ├── argparse@1.0.7
63 silly currentTree ├── arr-diff@2.0.0
63 silly currentTree ├── arr-flatten@1.0.1
63 silly currentTree ├── array-find-index@1.0.1
63 silly currentTree ├── array-index@1.0.0
63 silly currentTree ├── array-unique@0.2.1
63 silly currentTree ├── arraybuffer.slice@0.0.6
63 silly currentTree ├── arrify@1.0.1
63 silly currentTree ├── asn1@0.1.11
63 silly currentTree ├── assert-plus@0.1.5
63 silly currentTree ├── async-each-series@0.1.1
63 silly currentTree ├── async-each@1.0.0
63 silly currentTree ├── async-foreach@0.1.3
63 silly currentTree ├── async@1.5.2
63 silly currentTree ├── aws-sign2@0.6.0
63 silly currentTree ├── backo2@1.0.2
63 silly currentTree ├── balanced-match@0.4.1
63 silly currentTree ├── base64-arraybuffer@0.1.2
63 silly currentTree ├── base64id@0.1.0
63 silly currentTree ├── batch@0.5.3
63 silly currentTree ├── benchmark@1.0.0
63 silly currentTree ├── better-assert@1.0.2
63 silly currentTree ├── binary-extensions@1.4.1
63 silly currentTree ├─┬ bl@1.0.3
63 silly currentTree │ └── readable-stream@2.0.6
63 silly currentTree ├── blob@0.0.4
63 silly currentTree ├── block-stream@0.0.9
63 silly currentTree ├─┬ body-parser@1.14.2
63 silly currentTree │ └── qs@5.2.0
63 silly currentTree ├── boom@2.10.1
63 silly currentTree ├── brace-expansion@1.1.4
63 silly currentTree ├── braces@1.8.5
63 silly currentTree ├── browser-sync-client@2.4.2
63 silly currentTree ├── browser-sync-ui@0.5.19
63 silly currentTree ├─┬ browser-sync@2.12.12
63 silly currentTree │ └── qs@6.2.0
63 silly currentTree ├── bs-recipes@1.2.2
63 silly currentTree ├── buffer-shims@1.0.0
63 silly currentTree ├── builtin-modules@1.1.1
63 silly currentTree ├── bytes@2.2.0
63 silly currentTree ├── callsite@1.0.0
63 silly currentTree ├── camelcase-keys@2.1.0
63 silly currentTree ├── camelcase@2.1.1
63 silly currentTree ├── caseless@0.11.0
63 silly currentTree ├── chalk@1.1.3
63 silly currentTree ├── chokidar@1.5.1
63 silly currentTree ├── cliui@3.2.0
63 silly currentTree ├── code-point-at@1.0.0
63 silly currentTree ├── coffee-script@1.10.0
63 silly currentTree ├── colors@1.1.2
63 silly currentTree ├── combined-stream@1.0.5
63 silly currentTree ├── commander@2.9.0
63 silly currentTree ├── component-bind@1.0.0
63 silly currentTree ├── component-emitter@1.1.2
63 silly currentTree ├── component-inherit@0.0.3
63 silly currentTree ├── concat-map@0.0.1
63 silly currentTree ├── connect-history-api-fallback@1.2.0
63 silly currentTree ├── connect@3.4.1
63 silly currentTree ├── content-type@1.0.2
63 silly currentTree ├── core-util-is@1.0.2
63 silly currentTree ├─┬ cross-spawn-async@2.2.4
63 silly currentTree │ └── lru-cache@4.0.1
63 silly currentTree ├── cross-spawn@0.2.9
63 silly currentTree ├── cryptiles@2.0.5
63 silly currentTree ├── ctype@0.5.3
63 silly currentTree ├── currently-unhandled@0.4.1
63 silly currentTree ├── d@0.1.1
63 silly currentTree ├── dargs@4.1.0
63 silly currentTree ├── dateformat@1.0.12
63 silly currentTree ├── debug@2.2.0
63 silly currentTree ├── decamelize@1.2.0
63 silly currentTree ├── delayed-stream@1.0.0
63 silly currentTree ├── delegates@1.0.0
63 silly currentTree ├── depd@1.1.0
63 silly currentTree ├── destroy@1.0.4
63 silly currentTree ├── dev-ip@1.0.1
63 silly currentTree ├── each-async@1.1.1
63 silly currentTree ├── easy-extender@2.3.2
63 silly currentTree ├── eazy-logger@2.1.3
63 silly currentTree ├── ee-first@1.1.1
63 silly currentTree ├── emitter-steward@1.0.0
63 silly currentTree ├── engine.io-client@1.6.9
63 silly currentTree ├─┬ engine.io-parser@1.2.4
63 silly currentTree │ ├── has-binary@0.1.6
63 silly currentTree │ └── isarray@0.0.1
63 silly currentTree ├─┬ engine.io@1.6.9
63 silly currentTree │ ├── accepts@1.1.4
63 silly currentTree │ ├── mime-db@1.12.0
63 silly currentTree │ ├── mime-types@2.0.14
63 silly currentTree │ └── negotiator@0.4.9
63 silly currentTree ├── error-ex@1.3.0
63 silly currentTree ├─┬ es5-ext@0.10.11
63 silly currentTree │ └── es6-symbol@3.0.2
63 silly currentTree ├── es6-iterator@2.0.0
63 silly currentTree ├── es6-symbol@3.1.0
63 silly currentTree ├── escape-html@1.0.3
63 silly currentTree ├── escape-string-regexp@1.0.5
63 silly currentTree ├── esprima@2.7.2
63 silly currentTree ├── etag@1.7.0
63 silly currentTree ├── eventemitter2@0.4.14
63 silly currentTree ├── eventemitter3@1.2.0
63 silly currentTree ├── exit@0.1.2
63 silly currentTree ├── expand-brackets@0.1.5
63 silly currentTree ├── expand-range@1.8.2
63 silly currentTree ├─┬ express@2.5.11
63 silly currentTree │ ├── connect@1.9.2
63 silly currentTree │ └── qs@0.4.2
63 silly currentTree ├── extend@3.0.0
63 silly currentTree ├── extglob@0.3.2
63 silly currentTree ├── faye-websocket@0.10.0
63 silly currentTree ├── filename-regex@2.0.0
63 silly currentTree ├─┬ fileset@0.1.8
63 silly currentTree │ ├─┬ glob@3.2.11
63 silly currentTree │ │ └── minimatch@0.3.0
63 silly currentTree │ └── minimatch@0.4.0
63 silly currentTree ├── fill-range@2.2.3
63 silly currentTree ├── finalhandler@0.4.1
63 silly currentTree ├── find-up@1.1.2
63 silly currentTree ├─┬ findup-sync@0.3.0
63 silly currentTree │ └── glob@5.0.15
63 silly currentTree ├── for-in@0.1.5
63 silly currentTree ├── for-own@0.1.4
63 silly currentTree ├── forever-agent@0.6.1
63 silly currentTree ├── form-data@1.0.0-rc4
63 silly currentTree ├── formidable@1.0.17
63 silly currentTree ├── fresh@0.3.0
63 silly currentTree ├── fs-extra@0.26.7
63 silly currentTree ├─┬ fsevents@1.0.12
63 silly currentTree │ ├── ansi-regex@2.0.0
63 silly currentTree │ ├── ansi-styles@2.2.1
63 silly currentTree │ ├── ansi@0.3.1
63 silly currentTree │ ├── are-we-there-yet@1.1.2
63 silly currentTree │ ├── asn1@0.2.3
63 silly currentTree │ ├── assert-plus@0.2.0
63 silly currentTree │ ├── async@1.5.2
63 silly currentTree │ ├── aws-sign2@0.6.0
63 silly currentTree │ ├─┬ aws4@1.3.2
63 silly currentTree │ │ └─┬ lru-cache@4.0.1
63 silly currentTree │ │   ├── pseudomap@1.0.2
63 silly currentTree │ │   └── yallist@2.0.0
63 silly currentTree │ ├── bl@1.0.3
63 silly currentTree │ ├── block-stream@0.0.8
63 silly currentTree │ ├── boom@2.10.1
63 silly currentTree │ ├── caseless@0.11.0
63 silly currentTree │ ├── chalk@1.1.3
63 silly currentTree │ ├── combined-stream@1.0.5
63 silly currentTree │ ├── commander@2.9.0
63 silly currentTree │ ├── core-util-is@1.0.2
63 silly currentTree │ ├── cryptiles@2.0.5
63 silly currentTree │ ├─┬ dashdash@1.13.0
63 silly currentTree │ │ └── assert-plus@1.0.0
63 silly currentTree │ ├── debug@2.2.0
63 silly currentTree │ ├── deep-extend@0.4.1
63 silly currentTree │ ├── delayed-stream@1.0.0
63 silly currentTree │ ├── delegates@1.0.0
63 silly currentTree │ ├── ecc-jsbn@0.1.1
63 silly currentTree │ ├── escape-string-regexp@1.0.5
63 silly currentTree │ ├── extend@3.0.0
63 silly currentTree │ ├── extsprintf@1.0.2
63 silly currentTree │ ├── forever-agent@0.6.1
63 silly currentTree │ ├── form-data@1.0.0-rc4
63 silly currentTree │ ├─┬ fstream-ignore@1.0.3
63 silly currentTree │ │ └─┬ minimatch@3.0.0
63 silly currentTree │ │   └─┬ brace-expansion@1.1.3
63 silly currentTree │ │     ├── balanced-match@0.3.0
63 silly currentTree │ │     └── concat-map@0.0.1
63 silly currentTree │ ├── fstream@1.0.8
63 silly currentTree │ ├── gauge@1.2.7
63 silly currentTree │ ├── generate-function@2.0.0
63 silly currentTree │ ├── generate-object-property@1.2.0
63 silly currentTree │ ├── graceful-fs@4.1.3
63 silly currentTree │ ├── graceful-readlink@1.0.1
63 silly currentTree │ ├── har-validator@2.0.6
63 silly currentTree │ ├── has-ansi@2.0.0
63 silly currentTree │ ├── has-unicode@2.0.0
63 silly currentTree │ ├── hawk@3.1.3
63 silly currentTree │ ├── hoek@2.16.3
63 silly currentTree │ ├── http-signature@1.1.1
63 silly currentTree │ ├── inherits@2.0.1
63 silly currentTree │ ├── ini@1.3.4
63 silly currentTree │ ├── is-my-json-valid@2.13.1
63 silly currentTree │ ├── is-property@1.0.2
63 silly currentTree │ ├── is-typedarray@1.0.0
63 silly currentTree │ ├── isarray@1.0.0
63 silly currentTree │ ├── isstream@0.1.2
63 silly currentTree │ ├── jodid25519@1.0.2
63 silly currentTree │ ├── jsbn@0.1.0
63 silly currentTree │ ├── json-schema@0.2.2
63 silly currentTree │ ├── json-stringify-safe@5.0.1
63 silly currentTree │ ├── jsonpointer@2.0.0
63 silly currentTree │ ├── jsprim@1.2.2
63 silly currentTree │ ├── lodash.pad@4.1.0
63 silly currentTree │ ├── lodash.padend@4.2.0
63 silly currentTree │ ├── lodash.padstart@4.2.0
63 silly currentTree │ ├── lodash.repeat@4.0.0
63 silly currentTree │ ├── lodash.tostring@4.1.2
63 silly currentTree │ ├── mime-db@1.22.0
63 silly currentTree │ ├── mime-types@2.1.10
63 silly currentTree │ ├── minimist@0.0.8
63 silly currentTree │ ├── mkdirp@0.5.1
63 silly currentTree │ ├── ms@0.7.1
63 silly currentTree │ ├─┬ node-pre-gyp@0.6.25
63 silly currentTree │ │ └─┬ nopt@3.0.6
63 silly currentTree │ │   └── abbrev@1.0.7
63 silly currentTree │ ├── node-uuid@1.4.7
63 silly currentTree │ ├── npmlog@2.0.3
63 silly currentTree │ ├── oauth-sign@0.8.1
63 silly currentTree │ ├── once@1.3.3
63 silly currentTree │ ├── pinkie-promise@2.0.0
63 silly currentTree │ ├── pinkie@2.0.4
63 silly currentTree │ ├── process-nextick-args@1.0.6
63 silly currentTree │ ├── qs@6.0.2
63 silly currentTree │ ├─┬ rc@1.1.6
63 silly currentTree │ │ └── minimist@1.2.0
63 silly currentTree │ ├── readable-stream@2.0.6
63 silly currentTree │ ├── request@2.69.0
63 silly currentTree │ ├─┬ rimraf@2.5.2
63 silly currentTree │ │ └─┬ glob@7.0.3
63 silly currentTree │ │   ├─┬ inflight@1.0.4
63 silly currentTree │ │   │ └── wrappy@1.0.1
63 silly currentTree │ │   ├── inherits@2.0.1
63 silly currentTree │ │   ├─┬ minimatch@3.0.0
63 silly currentTree │ │   │ └─┬ brace-expansion@1.1.3
63 silly currentTree │ │   │   ├── balanced-match@0.3.0
63 silly currentTree │ │   │   └── concat-map@0.0.1
63 silly currentTree │ │   ├─┬ once@1.3.3
63 silly currentTree │ │   │ └── wrappy@1.0.1
63 silly currentTree │ │   └── path-is-absolute@1.0.0
63 silly currentTree │ ├── semver@5.1.0
63 silly currentTree │ ├── sntp@1.0.9
63 silly currentTree │ ├── sshpk@1.7.4
63 silly currentTree │ ├── string_decoder@0.10.31
63 silly currentTree │ ├── stringstream@0.0.5
63 silly currentTree │ ├── strip-ansi@3.0.1
63 silly currentTree │ ├── strip-json-comments@1.0.4
63 silly currentTree │ ├── supports-color@2.0.0
63 silly currentTree │ ├── tar-pack@3.1.3
63 silly currentTree │ ├── tar@2.2.1
63 silly currentTree │ ├── tough-cookie@2.2.2
63 silly currentTree │ ├── tunnel-agent@0.4.2
63 silly currentTree │ ├── tweetnacl@0.14.3
63 silly currentTree │ ├── uid-number@0.0.6
63 silly currentTree │ ├── util-deprecate@1.0.2
63 silly currentTree │ ├── verror@1.3.6
63 silly currentTree │ ├── wrappy@1.0.1
63 silly currentTree │ └── xtend@4.0.1
63 silly currentTree ├─┬ fstream@1.0.9
63 silly currentTree │ ├── minimist@0.0.8
63 silly currentTree │ └── mkdirp@0.5.1
63 silly currentTree ├── gauge@1.2.7
63 silly currentTree ├── gaze@1.0.0
63 silly currentTree ├── generate-function@2.0.0
63 silly currentTree ├── generate-object-property@1.2.0
63 silly currentTree ├── get-stdin@4.0.1
63 silly currentTree ├── getobject@0.1.0
63 silly currentTree ├── glob-base@0.3.0
63 silly currentTree ├── glob-parent@2.0.0
63 silly currentTree ├── glob@7.0.3
63 silly currentTree ├─┬ globule@0.2.0
63 silly currentTree │ ├─┬ glob@3.2.11
63 silly currentTree │ │ └── minimatch@0.3.0
63 silly currentTree │ ├── lodash@2.4.2
63 silly currentTree │ └── minimatch@0.2.14
63 silly currentTree ├── graceful-fs@4.1.4
63 silly currentTree ├── graceful-readlink@1.0.1
63 silly currentTree ├── grunt-browser-sync@2.2.0
63 silly currentTree ├── grunt-cli@1.2.0
63 silly currentTree ├── grunt-compass@0.3.9
63 silly currentTree ├─┬ grunt-contrib-sass@1.0.0
63 silly currentTree │ └── async@0.9.2
63 silly currentTree ├── grunt-contrib-watch@1.0.0
63 silly currentTree ├── grunt-known-options@1.1.0
63 silly currentTree ├─┬ grunt-legacy-log-utils@1.0.0
63 silly currentTree │ └── lodash@4.3.0
63 silly currentTree ├── grunt-legacy-log@1.0.0
63 silly currentTree ├─┬ grunt-legacy-util@1.0.0
63 silly currentTree │ └── lodash@4.3.0
63 silly currentTree ├─┬ grunt-livereload@0.1.3
63 silly currentTree │ ├── debug@0.7.4
63 silly currentTree │ ├── gaze@0.3.4
63 silly currentTree │ └── minimatch@0.2.14
63 silly currentTree ├── grunt-sass@1.2.0
63 silly currentTree ├─┬ grunt@1.0.1
63 silly currentTree │ └── grunt-cli@1.2.0
63 silly currentTree ├── har-validator@2.0.6
63 silly currentTree ├── has-ansi@2.0.0
63 silly currentTree ├─┬ has-binary@0.1.7
63 silly currentTree │ └── isarray@0.0.1
63 silly currentTree ├── has-cors@1.1.0
63 silly currentTree ├── has-unicode@2.0.0
63 silly currentTree ├── hawk@3.1.3
63 silly currentTree ├── hoek@2.16.3
63 silly currentTree ├── hooker@0.2.3
63 silly currentTree ├── hosted-git-info@2.1.5
63 silly currentTree ├── http-errors@1.3.1
63 silly currentTree ├── http-proxy@1.13.3
63 silly currentTree ├── http-signature@0.11.0
63 silly currentTree ├── iconv-lite@0.4.13
63 silly currentTree ├── immutable@3.8.1
63 silly currentTree ├── in-publish@2.0.0
63 silly currentTree ├── indent-string@2.1.0
63 silly currentTree ├── indexof@0.0.1
63 silly currentTree ├── inflight@1.0.5
63 silly currentTree ├── inherits@2.0.1
63 silly currentTree ├── invert-kv@1.0.0
63 silly currentTree ├── is-arrayish@0.2.1
63 silly currentTree ├── is-binary-path@1.0.1
63 silly currentTree ├── is-buffer@1.1.3
63 silly currentTree ├── is-builtin-module@1.0.0
63 silly currentTree ├── is-dotfile@1.0.2
63 silly currentTree ├── is-equal-shallow@0.1.3
63 silly currentTree ├── is-extendable@0.1.1
63 silly currentTree ├── is-extglob@1.0.0
63 silly currentTree ├── is-finite@1.0.1
63 silly currentTree ├── is-fullwidth-code-point@1.0.0
63 silly currentTree ├── is-glob@2.0.1
63 silly currentTree ├── is-my-json-valid@2.13.1
63 silly currentTree ├── is-number@2.1.0
63 silly currentTree ├── is-posix-bracket@0.1.1
63 silly currentTree ├── is-primitive@2.0.0
63 silly currentTree ├── is-property@1.0.2
63 silly currentTree ├── is-utf8@0.2.1
63 silly currentTree ├── isarray@1.0.0
63 silly currentTree ├── isexe@1.1.2
63 silly currentTree ├── isobject@2.1.0
63 silly currentTree ├── isstream@0.1.2
63 silly currentTree ├── js-yaml@3.5.5
63 silly currentTree ├── json-stringify-safe@5.0.1
63 silly currentTree ├── json3@3.2.6
63 silly currentTree ├── jsonfile@2.3.1
63 silly currentTree ├── jsonpointer@2.0.0
63 silly currentTree ├── kind-of@3.0.3
63 silly currentTree ├── klaw@1.2.0
63 silly currentTree ├── lcid@1.0.0
63 silly currentTree ├── limiter@1.1.0
63 silly currentTree ├── livereload-js@2.2.2
63 silly currentTree ├─┬ livereload-protocol@0.2.2
63 silly currentTree │ └── debug@0.7.4
63 silly currentTree ├─┬ livereload-server@0.2.3
63 silly currentTree │ └── debug@0.7.4
63 silly currentTree ├── load-json-file@1.1.0
63 silly currentTree ├─┬ localtunnel@1.8.1
63 silly currentTree │ ├── camelcase@1.2.1
63 silly currentTree │ └── yargs@3.29.0
63 silly currentTree ├── lodash._baseclone@4.5.7
63 silly currentTree ├── lodash._baseslice@4.0.0
63 silly currentTree ├── lodash._basetostring@4.12.0
63 silly currentTree ├── lodash.assign@4.0.9
63 silly currentTree ├── lodash.clonedeep@4.3.1
63 silly currentTree ├── lodash.keys@4.0.7
63 silly currentTree ├── lodash.pad@4.4.0
63 silly currentTree ├── lodash.padend@4.5.0
63 silly currentTree ├── lodash.padstart@4.5.0
63 silly currentTree ├── lodash.rest@4.0.3
63 silly currentTree ├── lodash.tostring@4.1.3
63 silly currentTree ├── lodash@3.10.1
63 silly currentTree ├── loud-rejection@1.4.1
63 silly currentTree ├── lru-cache@2.7.3
63 silly currentTree ├── map-obj@1.0.1
63 silly currentTree ├── media-typer@0.3.0
63 silly currentTree ├── meow@3.7.0
63 silly currentTree ├── micromatch@2.3.7
63 silly currentTree ├── mime-db@1.23.0
63 silly currentTree ├── mime-types@2.1.11
63 silly currentTree ├── mime@1.2.4
63 silly currentTree ├── minimatch@3.0.0
63 silly currentTree ├── minimist@1.2.0
63 silly currentTree ├── mkdirp@0.3.0
63 silly currentTree ├── ms@0.7.1
63 silly currentTree ├── nan@2.3.5
63 silly currentTree ├── negotiator@0.5.3
63 silly currentTree ├─┬ node-gyp@3.3.1
63 silly currentTree │ ├─┬ glob@4.5.3
63 silly currentTree │ │ └── minimatch@2.0.10
63 silly currentTree │ ├── minimatch@1.0.0
63 silly currentTree │ ├── minimist@0.0.8
63 silly currentTree │ └── mkdirp@0.5.1
63 silly currentTree ├─┬ node-sass@3.7.0
63 silly currentTree │ ├── minimist@0.0.8
63 silly currentTree │ └── mkdirp@0.5.1
63 silly currentTree ├── node-uuid@1.4.7
63 silly currentTree ├── nopt@3.0.6
63 silly currentTree ├── normalize-package-data@2.3.5
63 silly currentTree ├── normalize-path@2.0.1
63 silly currentTree ├── npmlog@2.0.4
63 silly currentTree ├── number-is-nan@1.0.0
63 silly currentTree ├── oauth-sign@0.8.2
63 silly currentTree ├── object-assign@4.1.0
63 silly currentTree ├── object-component@0.0.3
63 silly currentTree ├── object-path@0.9.2
63 silly currentTree ├── object.omit@2.0.0
63 silly currentTree ├── on-finished@2.3.0
63 silly currentTree ├── once@1.3.3
63 silly currentTree ├── onetime@1.1.0
63 silly currentTree ├── openurl@1.1.0
63 silly currentTree ├── opn@3.0.3
63 silly currentTree ├── opt-merger@1.1.1
63 silly currentTree ├── options@0.0.6
63 silly currentTree ├── os-homedir@1.0.1
63 silly currentTree ├── os-locale@1.4.0
63 silly currentTree ├── os-tmpdir@1.0.1
63 silly currentTree ├── osenv@0.1.3
63 silly currentTree ├── parse-glob@3.0.4
63 silly currentTree ├── parse-json@2.2.0
63 silly currentTree ├── parsejson@0.0.1
63 silly currentTree ├── parseqs@0.0.2
63 silly currentTree ├── parseuri@0.0.4
63 silly currentTree ├── parseurl@1.3.1
63 silly currentTree ├── path-array@1.0.1
63 silly currentTree ├── path-exists@2.1.0
63 silly currentTree ├── path-is-absolute@1.0.0
63 silly currentTree ├── path-type@1.1.0
63 silly currentTree ├── pify@2.3.0
63 silly currentTree ├── pinkie-promise@2.0.1
63 silly currentTree ├── pinkie@2.0.4
63 silly currentTree ├── pkg-conf@1.1.3
63 silly currentTree ├─┬ portscanner@1.0.0
63 silly currentTree │ └── async@0.1.15
63 silly currentTree ├── preserve@0.2.0
63 silly currentTree ├── process-nextick-args@1.0.7
63 silly currentTree ├── pseudomap@1.0.2
63 silly currentTree ├── qs@5.1.0
63 silly currentTree ├── randomatic@1.1.5
63 silly currentTree ├── range-parser@1.0.3
63 silly currentTree ├─┬ raw-body@2.1.6
63 silly currentTree │ └── bytes@2.3.0
63 silly currentTree ├── read-pkg-up@1.0.1
63 silly currentTree ├── read-pkg@1.1.0
63 silly currentTree ├── readable-stream@2.1.4
63 silly currentTree ├─┬ readdirp@2.0.0
63 silly currentTree │ └── minimatch@2.0.10
63 silly currentTree ├── redent@1.0.0
63 silly currentTree ├── regex-cache@0.4.3
63 silly currentTree ├── repeat-element@1.1.2
63 silly currentTree ├── repeat-string@1.5.4
63 silly currentTree ├── repeating@2.0.1
63 silly currentTree ├─┬ request@2.65.0
63 silly currentTree │ └── qs@5.2.0
63 silly currentTree ├── require-main-filename@1.0.1
63 silly currentTree ├── requires-port@1.0.0
63 silly currentTree ├── resolve@1.1.7
63 silly currentTree ├─┬ resp-modifier@6.0.1
63 silly currentTree │ └── minimatch@2.0.10
63 silly currentTree ├── rimraf@2.2.8
63 silly currentTree ├─┬ sass-graph@2.1.1
63 silly currentTree │ ├── glob@6.0.4
63 silly currentTree │ ├── lodash@4.13.1
63 silly currentTree │ └── yargs@3.32.0
63 silly currentTree ├── semver@5.1.0
63 silly currentTree ├─┬ send@0.13.1
63 silly currentTree │ ├── mime@1.3.4
63 silly currentTree │ └── statuses@1.2.1
63 silly currentTree ├── serve-index@1.7.3
63 silly currentTree ├── serve-static@1.10.2
63 silly currentTree ├── set-blocking@1.0.0
63 silly currentTree ├── set-immediate-shim@1.0.1
63 silly currentTree ├── sigmund@1.0.1
63 silly currentTree ├── signal-exit@2.1.2
63 silly currentTree ├── sntp@1.0.9
63 silly currentTree ├─┬ socket.io-adapter@0.4.0
63 silly currentTree │ ├── isarray@0.0.1
63 silly currentTree │ └─┬ socket.io-parser@2.2.2
63 silly currentTree │   └── debug@0.7.4
63 silly currentTree ├─┬ socket.io-client@1.4.6
63 silly currentTree │ └── component-emitter@1.2.0
63 silly currentTree ├─┬ socket.io-parser@2.2.6
63 silly currentTree │ ├── isarray@0.0.1
63 silly currentTree │ └── json3@3.3.2
63 silly currentTree ├── socket.io@1.4.6
63 silly currentTree ├── spdx-correct@1.0.2
63 silly currentTree ├── spdx-exceptions@1.0.4
63 silly currentTree ├── spdx-expression-parse@1.0.2
63 silly currentTree ├── spdx-license-ids@1.2.1
63 silly currentTree ├── sprintf-js@1.0.3
63 silly currentTree ├── statuses@1.3.0
63 silly currentTree ├── stream-throttle@0.1.3
63 silly currentTree ├── string_decoder@0.10.31
63 silly currentTree ├── string-width@1.0.1
63 silly currentTree ├── stringstream@0.0.5
63 silly currentTree ├── strip-ansi@3.0.1
63 silly currentTree ├── strip-bom@2.0.0
63 silly currentTree ├── strip-indent@1.0.1
63 silly currentTree ├── supports-color@2.0.0
63 silly currentTree ├── symbol@0.2.3
63 silly currentTree ├── tar@2.2.1
63 silly currentTree ├── tfunk@3.0.2
63 silly currentTree ├── tiny-lr@0.2.1
63 silly currentTree ├── tinycolor@0.0.1
63 silly currentTree ├── to-array@0.1.4
63 silly currentTree ├── tough-cookie@2.2.2
63 silly currentTree ├── trim-newlines@1.0.0
63 silly currentTree ├── tunnel-agent@0.4.3
63 silly currentTree ├── type-is@1.6.13
63 silly currentTree ├── ua-parser-js@0.7.10
63 silly currentTree ├── ultron@1.0.2
63 silly currentTree ├── underscore.string@3.2.3
63 silly currentTree ├── underscore@1.7.0
63 silly currentTree ├── unpipe@1.0.0
63 silly currentTree ├── utf8@2.1.0
63 silly currentTree ├── util-deprecate@1.0.2
63 silly currentTree ├── utils-merge@1.0.0
63 silly currentTree ├── validate-npm-package-license@3.0.1
63 silly currentTree ├── websocket-driver@0.6.5
63 silly currentTree ├── websocket-extensions@0.1.1
63 silly currentTree ├─┬ websocket.io@0.2.1
63 silly currentTree │ ├── commander@0.6.1
63 silly currentTree │ ├── options@0.0.6
63 silly currentTree │ └── ws@0.4.20
63 silly currentTree ├── weinre@2.0.0-pre-I0Z7U9OV
63 silly currentTree ├── which@1.2.10
63 silly currentTree ├── window-size@0.1.4
63 silly currentTree ├── wrap-ansi@2.0.0
63 silly currentTree ├── wrappy@1.0.2
63 silly currentTree ├── ws@1.0.1
63 silly currentTree ├── xmlhttprequest-ssl@1.5.1
63 silly currentTree ├── xtend@4.0.1
63 silly currentTree ├── y18n@3.2.1
63 silly currentTree ├── yallist@2.0.0
63 silly currentTree ├── yargs-parser@2.4.0
63 silly currentTree ├─┬ yargs@4.7.1
63 silly currentTree │ ├── camelcase@3.0.0
63 silly currentTree │ └── window-size@0.2.0
63 silly currentTree └── yeast@0.1.2
64 silly idealTree olay@1.0.0
64 silly idealTree ├── abbrev@1.0.7
64 silly idealTree ├── accepts@1.2.13
64 silly idealTree ├── after@0.8.1
64 silly idealTree ├── ansi-regex@2.0.0
64 silly idealTree ├── ansi-styles@2.2.1
64 silly idealTree ├── ansi@0.3.1
64 silly idealTree ├── anymatch@1.3.0
64 silly idealTree ├── are-we-there-yet@1.1.2
64 silly idealTree ├── argparse@1.0.7
64 silly idealTree ├── arr-diff@2.0.0
64 silly idealTree ├── arr-flatten@1.0.1
64 silly idealTree ├── array-find-index@1.0.1
64 silly idealTree ├── array-index@1.0.0
64 silly idealTree ├── array-unique@0.2.1
64 silly idealTree ├── arraybuffer.slice@0.0.6
64 silly idealTree ├── arrify@1.0.1
64 silly idealTree ├── asn1@0.1.11
64 silly idealTree ├── assert-plus@0.1.5
64 silly idealTree ├── async-each-series@0.1.1
64 silly idealTree ├── async-each@1.0.0
64 silly idealTree ├── async-foreach@0.1.3
64 silly idealTree ├── async@1.5.2
64 silly idealTree ├── aws-sign2@0.6.0
64 silly idealTree ├── backo2@1.0.2
64 silly idealTree ├── balanced-match@0.4.1
64 silly idealTree ├── base64-arraybuffer@0.1.2
64 silly idealTree ├── base64id@0.1.0
64 silly idealTree ├── batch@0.5.3
64 silly idealTree ├── benchmark@1.0.0
64 silly idealTree ├── better-assert@1.0.2
64 silly idealTree ├── binary-extensions@1.4.1
64 silly idealTree ├─┬ bl@1.0.3
64 silly idealTree │ └── readable-stream@2.0.6
64 silly idealTree ├── blob@0.0.4
64 silly idealTree ├── block-stream@0.0.9
64 silly idealTree ├─┬ body-parser@1.14.2
64 silly idealTree │ └── qs@5.2.0
64 silly idealTree ├── boom@2.10.1
64 silly idealTree ├── brace-expansion@1.1.4
64 silly idealTree ├── braces@1.8.5
64 silly idealTree ├── browser-sync-client@2.4.2
64 silly idealTree ├── browser-sync-ui@0.5.19
64 silly idealTree ├─┬ browser-sync@2.12.12
64 silly idealTree │ └── qs@6.2.0
64 silly idealTree ├── bs-recipes@1.2.2
64 silly idealTree ├── buffer-shims@1.0.0
64 silly idealTree ├── builtin-modules@1.1.1
64 silly idealTree ├── bytes@2.2.0
64 silly idealTree ├── callsite@1.0.0
64 silly idealTree ├── camelcase-keys@2.1.0
64 silly idealTree ├── camelcase@2.1.1
64 silly idealTree ├── caseless@0.11.0
64 silly idealTree ├── chalk@1.1.3
64 silly idealTree ├── chokidar@1.5.1
64 silly idealTree ├── cliui@3.2.0
64 silly idealTree ├── code-point-at@1.0.0
64 silly idealTree ├── coffee-script@1.10.0
64 silly idealTree ├── colors@1.1.2
64 silly idealTree ├── combined-stream@1.0.5
64 silly idealTree ├── commander@2.9.0
64 silly idealTree ├── component-bind@1.0.0
64 silly idealTree ├── component-emitter@1.1.2
64 silly idealTree ├── component-inherit@0.0.3
64 silly idealTree ├── concat-map@0.0.1
64 silly idealTree ├── connect-history-api-fallback@1.2.0
64 silly idealTree ├── connect@3.4.1
64 silly idealTree ├── content-type@1.0.2
64 silly idealTree ├── core-util-is@1.0.2
64 silly idealTree ├─┬ cross-spawn-async@2.2.4
64 silly idealTree │ └── lru-cache@4.0.1
64 silly idealTree ├── cross-spawn@0.2.9
64 silly idealTree ├── cryptiles@2.0.5
64 silly idealTree ├── ctype@0.5.3
64 silly idealTree ├── currently-unhandled@0.4.1
64 silly idealTree ├── d@0.1.1
64 silly idealTree ├── dargs@4.1.0
64 silly idealTree ├── dateformat@1.0.12
64 silly idealTree ├── debug@2.2.0
64 silly idealTree ├── decamelize@1.2.0
64 silly idealTree ├── delayed-stream@1.0.0
64 silly idealTree ├── delegates@1.0.0
64 silly idealTree ├── depd@1.1.0
64 silly idealTree ├── destroy@1.0.4
64 silly idealTree ├── dev-ip@1.0.1
64 silly idealTree ├── each-async@1.1.1
64 silly idealTree ├── easy-extender@2.3.2
64 silly idealTree ├── eazy-logger@2.1.3
64 silly idealTree ├── ee-first@1.1.1
64 silly idealTree ├── emitter-steward@1.0.0
64 silly idealTree ├── engine.io-client@1.6.9
64 silly idealTree ├─┬ engine.io-parser@1.2.4
64 silly idealTree │ ├── has-binary@0.1.6
64 silly idealTree │ └── isarray@0.0.1
64 silly idealTree ├─┬ engine.io@1.6.9
64 silly idealTree │ ├── accepts@1.1.4
64 silly idealTree │ ├── mime-db@1.12.0
64 silly idealTree │ ├── mime-types@2.0.14
64 silly idealTree │ └── negotiator@0.4.9
64 silly idealTree ├── error-ex@1.3.0
64 silly idealTree ├─┬ es5-ext@0.10.11
64 silly idealTree │ └── es6-symbol@3.0.2
64 silly idealTree ├── es6-iterator@2.0.0
64 silly idealTree ├── es6-symbol@3.1.0
64 silly idealTree ├── escape-html@1.0.3
64 silly idealTree ├── escape-string-regexp@1.0.5
64 silly idealTree ├── esprima@2.7.2
64 silly idealTree ├── etag@1.7.0
64 silly idealTree ├── eventemitter2@0.4.14
64 silly idealTree ├── eventemitter3@1.2.0
64 silly idealTree ├── exit@0.1.2
64 silly idealTree ├── expand-brackets@0.1.5
64 silly idealTree ├── expand-range@1.8.2
64 silly idealTree ├─┬ express@2.5.11
64 silly idealTree │ ├── connect@1.9.2
64 silly idealTree │ └── qs@0.4.2
64 silly idealTree ├── extend@3.0.0
64 silly idealTree ├── extglob@0.3.2
64 silly idealTree ├── faye-websocket@0.10.0
64 silly idealTree ├── filename-regex@2.0.0
64 silly idealTree ├─┬ fileset@0.1.8
64 silly idealTree │ ├─┬ glob@3.2.11
64 silly idealTree │ │ └── minimatch@0.3.0
64 silly idealTree │ └── minimatch@0.4.0
64 silly idealTree ├── fill-range@2.2.3
64 silly idealTree ├── finalhandler@0.4.1
64 silly idealTree ├── find-up@1.1.2
64 silly idealTree ├─┬ findup-sync@0.3.0
64 silly idealTree │ └── glob@5.0.15
64 silly idealTree ├── for-in@0.1.5
64 silly idealTree ├── for-own@0.1.4
64 silly idealTree ├── forever-agent@0.6.1
64 silly idealTree ├── form-data@1.0.0-rc4
64 silly idealTree ├── formidable@1.0.17
64 silly idealTree ├── fresh@0.3.0
64 silly idealTree ├── fs-extra@0.26.7
64 silly idealTree ├─┬ fsevents@1.0.12
64 silly idealTree │ ├── ansi-regex@2.0.0
64 silly idealTree │ ├── ansi-styles@2.2.1
64 silly idealTree │ ├── ansi@0.3.1
64 silly idealTree │ ├── are-we-there-yet@1.1.2
64 silly idealTree │ ├── asn1@0.2.3
64 silly idealTree │ ├── assert-plus@0.2.0
64 silly idealTree │ ├── async@1.5.2
64 silly idealTree │ ├── aws-sign2@0.6.0
64 silly idealTree │ ├─┬ aws4@1.3.2
64 silly idealTree │ │ └─┬ lru-cache@4.0.1
64 silly idealTree │ │   ├── pseudomap@1.0.2
64 silly idealTree │ │   └── yallist@2.0.0
64 silly idealTree │ ├── bl@1.0.3
64 silly idealTree │ ├── block-stream@0.0.8
64 silly idealTree │ ├── boom@2.10.1
64 silly idealTree │ ├── caseless@0.11.0
64 silly idealTree │ ├── chalk@1.1.3
64 silly idealTree │ ├── combined-stream@1.0.5
64 silly idealTree │ ├── commander@2.9.0
64 silly idealTree │ ├── core-util-is@1.0.2
64 silly idealTree │ ├── cryptiles@2.0.5
64 silly idealTree │ ├─┬ dashdash@1.13.0
64 silly idealTree │ │ └── assert-plus@1.0.0
64 silly idealTree │ ├── debug@2.2.0
64 silly idealTree │ ├── deep-extend@0.4.1
64 silly idealTree │ ├── delayed-stream@1.0.0
64 silly idealTree │ ├── delegates@1.0.0
64 silly idealTree │ ├── ecc-jsbn@0.1.1
64 silly idealTree │ ├── escape-string-regexp@1.0.5
64 silly idealTree │ ├── extend@3.0.0
64 silly idealTree │ ├── extsprintf@1.0.2
64 silly idealTree │ ├── forever-agent@0.6.1
64 silly idealTree │ ├── form-data@1.0.0-rc4
64 silly idealTree │ ├─┬ fstream-ignore@1.0.3
64 silly idealTree │ │ └─┬ minimatch@3.0.0
64 silly idealTree │ │   └─┬ brace-expansion@1.1.3
64 silly idealTree │ │     ├── balanced-match@0.3.0
64 silly idealTree │ │     └── concat-map@0.0.1
64 silly idealTree │ ├── fstream@1.0.8
64 silly idealTree │ ├── gauge@1.2.7
64 silly idealTree │ ├── generate-function@2.0.0
64 silly idealTree │ ├── generate-object-property@1.2.0
64 silly idealTree │ ├── graceful-fs@4.1.3
64 silly idealTree │ ├── graceful-readlink@1.0.1
64 silly idealTree │ ├── har-validator@2.0.6
64 silly idealTree │ ├── has-ansi@2.0.0
64 silly idealTree │ ├── has-unicode@2.0.0
64 silly idealTree │ ├── hawk@3.1.3
64 silly idealTree │ ├── hoek@2.16.3
64 silly idealTree │ ├── http-signature@1.1.1
64 silly idealTree │ ├── inherits@2.0.1
64 silly idealTree │ ├── ini@1.3.4
64 silly idealTree │ ├── is-my-json-valid@2.13.1
64 silly idealTree │ ├── is-property@1.0.2
64 silly idealTree │ ├── is-typedarray@1.0.0
64 silly idealTree │ ├── isarray@1.0.0
64 silly idealTree │ ├── isstream@0.1.2
64 silly idealTree │ ├── jodid25519@1.0.2
64 silly idealTree │ ├── jsbn@0.1.0
64 silly idealTree │ ├── json-schema@0.2.2
64 silly idealTree │ ├── json-stringify-safe@5.0.1
64 silly idealTree │ ├── jsonpointer@2.0.0
64 silly idealTree │ ├── jsprim@1.2.2
64 silly idealTree │ ├── lodash.pad@4.1.0
64 silly idealTree │ ├── lodash.padend@4.2.0
64 silly idealTree │ ├── lodash.padstart@4.2.0
64 silly idealTree │ ├── lodash.repeat@4.0.0
64 silly idealTree │ ├── lodash.tostring@4.1.2
64 silly idealTree │ ├── mime-db@1.22.0
64 silly idealTree │ ├── mime-types@2.1.10
64 silly idealTree │ ├── minimist@0.0.8
64 silly idealTree │ ├── mkdirp@0.5.1
64 silly idealTree │ ├── ms@0.7.1
64 silly idealTree │ ├─┬ node-pre-gyp@0.6.25
64 silly idealTree │ │ └─┬ nopt@3.0.6
64 silly idealTree │ │   └── abbrev@1.0.7
64 silly idealTree │ ├── node-uuid@1.4.7
64 silly idealTree │ ├── npmlog@2.0.3
64 silly idealTree │ ├── oauth-sign@0.8.1
64 silly idealTree │ ├── once@1.3.3
64 silly idealTree │ ├── pinkie-promise@2.0.0
64 silly idealTree │ ├── pinkie@2.0.4
64 silly idealTree │ ├── process-nextick-args@1.0.6
64 silly idealTree │ ├── qs@6.0.2
64 silly idealTree │ ├─┬ rc@1.1.6
64 silly idealTree │ │ └── minimist@1.2.0
64 silly idealTree │ ├── readable-stream@2.0.6
64 silly idealTree │ ├── request@2.69.0
64 silly idealTree │ ├─┬ rimraf@2.5.2
64 silly idealTree │ │ └─┬ glob@7.0.3
64 silly idealTree │ │   ├─┬ inflight@1.0.4
64 silly idealTree │ │   │ └── wrappy@1.0.1
64 silly idealTree │ │   ├── inherits@2.0.1
64 silly idealTree │ │   ├─┬ minimatch@3.0.0
64 silly idealTree │ │   │ └─┬ brace-expansion@1.1.3
64 silly idealTree │ │   │   ├── balanced-match@0.3.0
64 silly idealTree │ │   │   └── concat-map@0.0.1
64 silly idealTree │ │   ├─┬ once@1.3.3
64 silly idealTree │ │   │ └── wrappy@1.0.1
64 silly idealTree │ │   └── path-is-absolute@1.0.0
64 silly idealTree │ ├── semver@5.1.0
64 silly idealTree │ ├── sntp@1.0.9
64 silly idealTree │ ├── sshpk@1.7.4
64 silly idealTree │ ├── string_decoder@0.10.31
64 silly idealTree │ ├── stringstream@0.0.5
64 silly idealTree │ ├── strip-ansi@3.0.1
64 silly idealTree │ ├── strip-json-comments@1.0.4
64 silly idealTree │ ├── supports-color@2.0.0
64 silly idealTree │ ├── tar-pack@3.1.3
64 silly idealTree │ ├── tar@2.2.1
64 silly idealTree │ ├── tough-cookie@2.2.2
64 silly idealTree │ ├── tunnel-agent@0.4.2
64 silly idealTree │ ├── tweetnacl@0.14.3
64 silly idealTree │ ├── uid-number@0.0.6
64 silly idealTree │ ├── util-deprecate@1.0.2
64 silly idealTree │ ├── verror@1.3.6
64 silly idealTree │ ├── wrappy@1.0.1
64 silly idealTree │ └── xtend@4.0.1
64 silly idealTree ├─┬ fstream@1.0.9
64 silly idealTree │ ├── minimist@0.0.8
64 silly idealTree │ └── mkdirp@0.5.1
64 silly idealTree ├── gauge@1.2.7
64 silly idealTree ├── gaze@1.0.0
64 silly idealTree ├── generate-function@2.0.0
64 silly idealTree ├── generate-object-property@1.2.0
64 silly idealTree ├── get-stdin@4.0.1
64 silly idealTree ├── getobject@0.1.0
64 silly idealTree ├── glob-base@0.3.0
64 silly idealTree ├── glob-parent@2.0.0
64 silly idealTree ├── glob@7.0.3
64 silly idealTree ├─┬ globule@0.2.0
64 silly idealTree │ ├─┬ glob@3.2.11
64 silly idealTree │ │ └── minimatch@0.3.0
64 silly idealTree │ ├── lodash@2.4.2
64 silly idealTree │ └── minimatch@0.2.14
64 silly idealTree ├── graceful-fs@4.1.4
64 silly idealTree ├── graceful-readlink@1.0.1
64 silly idealTree ├── grunt-browser-sync@2.2.0
64 silly idealTree ├── grunt-cli@1.2.0
64 silly idealTree ├── grunt-compass@0.3.9
64 silly idealTree ├─┬ grunt-contrib-sass@1.0.0
64 silly idealTree │ └── async@0.9.2
64 silly idealTree ├── grunt-contrib-watch@1.0.0
64 silly idealTree ├── grunt-known-options@1.1.0
64 silly idealTree ├─┬ grunt-legacy-log-utils@1.0.0
64 silly idealTree │ └── lodash@4.3.0
64 silly idealTree ├── grunt-legacy-log@1.0.0
64 silly idealTree ├─┬ grunt-legacy-util@1.0.0
64 silly idealTree │ └── lodash@4.3.0
64 silly idealTree ├─┬ grunt-livereload@0.1.3
64 silly idealTree │ ├── debug@0.7.4
64 silly idealTree │ ├── gaze@0.3.4
64 silly idealTree │ └── minimatch@0.2.14
64 silly idealTree ├── grunt-sass@1.2.0
64 silly idealTree ├─┬ grunt@1.0.1
64 silly idealTree │ └── grunt-cli@1.2.0
64 silly idealTree ├── har-validator@2.0.6
64 silly idealTree ├── has-ansi@2.0.0
64 silly idealTree ├─┬ has-binary@0.1.7
64 silly idealTree │ └── isarray@0.0.1
64 silly idealTree ├── has-cors@1.1.0
64 silly idealTree ├── has-unicode@2.0.0
64 silly idealTree ├── hawk@3.1.3
64 silly idealTree ├── hoek@2.16.3
64 silly idealTree ├── hooker@0.2.3
64 silly idealTree ├── hosted-git-info@2.1.5
64 silly idealTree ├── http-errors@1.3.1
64 silly idealTree ├── http-proxy@1.13.3
64 silly idealTree ├── http-signature@0.11.0
64 silly idealTree ├── iconv-lite@0.4.13
64 silly idealTree ├── immutable@3.8.1
64 silly idealTree ├── in-publish@2.0.0
64 silly idealTree ├── indent-string@2.1.0
64 silly idealTree ├── indexof@0.0.1
64 silly idealTree ├── inflight@1.0.5
64 silly idealTree ├── inherits@2.0.1
64 silly idealTree ├── invert-kv@1.0.0
64 silly idealTree ├── is-arrayish@0.2.1
64 silly idealTree ├── is-binary-path@1.0.1
64 silly idealTree ├── is-buffer@1.1.3
64 silly idealTree ├── is-builtin-module@1.0.0
64 silly idealTree ├── is-dotfile@1.0.2
64 silly idealTree ├── is-equal-shallow@0.1.3
64 silly idealTree ├── is-extendable@0.1.1
64 silly idealTree ├── is-extglob@1.0.0
64 silly idealTree ├── is-finite@1.0.1
64 silly idealTree ├── is-fullwidth-code-point@1.0.0
64 silly idealTree ├── is-glob@2.0.1
64 silly idealTree ├── is-my-json-valid@2.13.1
64 silly idealTree ├── is-number@2.1.0
64 silly idealTree ├── is-posix-bracket@0.1.1
64 silly idealTree ├── is-primitive@2.0.0
64 silly idealTree ├── is-property@1.0.2
64 silly idealTree ├── is-utf8@0.2.1
64 silly idealTree ├── isarray@1.0.0
64 silly idealTree ├── isexe@1.1.2
64 silly idealTree ├── isobject@2.1.0
64 silly idealTree ├── isstream@0.1.2
64 silly idealTree ├── js-yaml@3.5.5
64 silly idealTree ├── json-stringify-safe@5.0.1
64 silly idealTree ├── json3@3.2.6
64 silly idealTree ├── jsonfile@2.3.1
64 silly idealTree ├── jsonpointer@2.0.0
64 silly idealTree ├── kind-of@3.0.3
64 silly idealTree ├── klaw@1.2.0
64 silly idealTree ├── lcid@1.0.0
64 silly idealTree ├── limiter@1.1.0
64 silly idealTree ├── livereload-js@2.2.2
64 silly idealTree ├─┬ livereload-protocol@0.2.2
64 silly idealTree │ └── debug@0.7.4
64 silly idealTree ├─┬ livereload-server@0.2.3
64 silly idealTree │ └── debug@0.7.4
64 silly idealTree ├── load-json-file@1.1.0
64 silly idealTree ├─┬ localtunnel@1.8.1
64 silly idealTree │ ├── camelcase@1.2.1
64 silly idealTree │ └── yargs@3.29.0
64 silly idealTree ├── lodash._baseclone@4.5.7
64 silly idealTree ├── lodash._baseslice@4.0.0
64 silly idealTree ├── lodash._basetostring@4.12.0
64 silly idealTree ├── lodash.assign@4.0.9
64 silly idealTree ├── lodash.clonedeep@4.3.1
64 silly idealTree ├── lodash.keys@4.0.7
64 silly idealTree ├── lodash.pad@4.4.0
64 silly idealTree ├── lodash.padend@4.5.0
64 silly idealTree ├── lodash.padstart@4.5.0
64 silly idealTree ├── lodash.rest@4.0.3
64 silly idealTree ├── lodash.tostring@4.1.3
64 silly idealTree ├── lodash@3.10.1
64 silly idealTree ├── loud-rejection@1.4.1
64 silly idealTree ├── lru-cache@2.7.3
64 silly idealTree ├── map-obj@1.0.1
64 silly idealTree ├── media-typer@0.3.0
64 silly idealTree ├── meow@3.7.0
64 silly idealTree ├── micromatch@2.3.7
64 silly idealTree ├── mime-db@1.23.0
64 silly idealTree ├── mime-types@2.1.11
64 silly idealTree ├── mime@1.2.4
64 silly idealTree ├── minimatch@3.0.0
64 silly idealTree ├── minimist@1.2.0
64 silly idealTree ├── mkdirp@0.3.0
64 silly idealTree ├── ms@0.7.1
64 silly idealTree ├── nan@2.3.5
64 silly idealTree ├── negotiator@0.5.3
64 silly idealTree ├─┬ node-gyp@3.3.1
64 silly idealTree │ ├─┬ glob@4.5.3
64 silly idealTree │ │ └── minimatch@2.0.10
64 silly idealTree │ ├── minimatch@1.0.0
64 silly idealTree │ ├── minimist@0.0.8
64 silly idealTree │ └── mkdirp@0.5.1
64 silly idealTree ├─┬ node-sass@3.7.0
64 silly idealTree │ ├── minimist@0.0.8
64 silly idealTree │ └── mkdirp@0.5.1
64 silly idealTree ├── node-uuid@1.4.7
64 silly idealTree ├── nopt@3.0.6
64 silly idealTree ├── normalize-package-data@2.3.5
64 silly idealTree ├── normalize-path@2.0.1
64 silly idealTree ├── npmlog@2.0.4
64 silly idealTree ├── number-is-nan@1.0.0
64 silly idealTree ├── oauth-sign@0.8.2
64 silly idealTree ├── object-assign@4.1.0
64 silly idealTree ├── object-component@0.0.3
64 silly idealTree ├── object-path@0.9.2
64 silly idealTree ├── object.omit@2.0.0
64 silly idealTree ├── on-finished@2.3.0
64 silly idealTree ├── once@1.3.3
64 silly idealTree ├── onetime@1.1.0
64 silly idealTree ├── openurl@1.1.0
64 silly idealTree ├── opn@3.0.3
64 silly idealTree ├── opt-merger@1.1.1
64 silly idealTree ├── options@0.0.6
64 silly idealTree ├── os-homedir@1.0.1
64 silly idealTree ├── os-locale@1.4.0
64 silly idealTree ├── os-tmpdir@1.0.1
64 silly idealTree ├── osenv@0.1.3
64 silly idealTree ├── parse-glob@3.0.4
64 silly idealTree ├── parse-json@2.2.0
64 silly idealTree ├── parsejson@0.0.1
64 silly idealTree ├── parseqs@0.0.2
64 silly idealTree ├── parseuri@0.0.4
64 silly idealTree ├── parseurl@1.3.1
64 silly idealTree ├── path-array@1.0.1
64 silly idealTree ├── path-exists@2.1.0
64 silly idealTree ├── path-is-absolute@1.0.0
64 silly idealTree ├── path-type@1.1.0
64 silly idealTree ├── pify@2.3.0
64 silly idealTree ├── pinkie-promise@2.0.1
64 silly idealTree ├── pinkie@2.0.4
64 silly idealTree ├── pkg-conf@1.1.3
64 silly idealTree ├─┬ portscanner@1.0.0
64 silly idealTree │ └── async@0.1.15
64 silly idealTree ├── preserve@0.2.0
64 silly idealTree ├── process-nextick-args@1.0.7
64 silly idealTree ├── pseudomap@1.0.2
64 silly idealTree ├── qs@5.1.0
64 silly idealTree ├── randomatic@1.1.5
64 silly idealTree ├── range-parser@1.0.3
64 silly idealTree ├─┬ raw-body@2.1.6
64 silly idealTree │ └── bytes@2.3.0
64 silly idealTree ├── read-pkg-up@1.0.1
64 silly idealTree ├── read-pkg@1.1.0
64 silly idealTree ├── readable-stream@2.1.4
64 silly idealTree ├─┬ readdirp@2.0.0
64 silly idealTree │ └── minimatch@2.0.10
64 silly idealTree ├── redent@1.0.0
64 silly idealTree ├── regex-cache@0.4.3
64 silly idealTree ├── repeat-element@1.1.2
64 silly idealTree ├── repeat-string@1.5.4
64 silly idealTree ├── repeating@2.0.1
64 silly idealTree ├─┬ request@2.65.0
64 silly idealTree │ └── qs@5.2.0
64 silly idealTree ├── require-main-filename@1.0.1
64 silly idealTree ├── requires-port@1.0.0
64 silly idealTree ├── resolve@1.1.7
64 silly idealTree ├─┬ resp-modifier@6.0.1
64 silly idealTree │ └── minimatch@2.0.10
64 silly idealTree ├── rimraf@2.2.8
64 silly idealTree ├─┬ sass-graph@2.1.1
64 silly idealTree │ ├── glob@6.0.4
64 silly idealTree │ ├── lodash@4.13.1
64 silly idealTree │ └── yargs@3.32.0
64 silly idealTree ├── semver@5.1.0
64 silly idealTree ├─┬ send@0.13.1
64 silly idealTree │ ├── mime@1.3.4
64 silly idealTree │ └── statuses@1.2.1
64 silly idealTree ├── serve-index@1.7.3
64 silly idealTree ├── serve-static@1.10.2
64 silly idealTree ├── set-blocking@1.0.0
64 silly idealTree ├── set-immediate-shim@1.0.1
64 silly idealTree ├── sigmund@1.0.1
64 silly idealTree ├── signal-exit@2.1.2
64 silly idealTree ├── sntp@1.0.9
64 silly idealTree ├─┬ socket.io-adapter@0.4.0
64 silly idealTree │ ├── isarray@0.0.1
64 silly idealTree │ └─┬ socket.io-parser@2.2.2
64 silly idealTree │   └── debug@0.7.4
64 silly idealTree ├─┬ socket.io-client@1.4.6
64 silly idealTree │ └── component-emitter@1.2.0
64 silly idealTree ├─┬ socket.io-parser@2.2.6
64 silly idealTree │ ├── isarray@0.0.1
64 silly idealTree │ └── json3@3.3.2
64 silly idealTree ├── socket.io@1.4.6
64 silly idealTree ├── spdx-correct@1.0.2
64 silly idealTree ├── spdx-exceptions@1.0.4
64 silly idealTree ├── spdx-expression-parse@1.0.2
64 silly idealTree ├── spdx-license-ids@1.2.1
64 silly idealTree ├── sprintf-js@1.0.3
64 silly idealTree ├── statuses@1.3.0
64 silly idealTree ├── stream-throttle@0.1.3
64 silly idealTree ├── string_decoder@0.10.31
64 silly idealTree ├── string-width@1.0.1
64 silly idealTree ├── stringstream@0.0.5
64 silly idealTree ├── strip-ansi@3.0.1
64 silly idealTree ├── strip-bom@2.0.0
64 silly idealTree ├── strip-indent@1.0.1
64 silly idealTree ├── supports-color@2.0.0
64 silly idealTree ├── symbol@0.2.3
64 silly idealTree ├── tar@2.2.1
64 silly idealTree ├── tfunk@3.0.2
64 silly idealTree ├── tiny-lr@0.2.1
64 silly idealTree ├── tinycolor@0.0.1
64 silly idealTree ├── to-array@0.1.4
64 silly idealTree ├── tough-cookie@2.2.2
64 silly idealTree ├── trim-newlines@1.0.0
64 silly idealTree ├── tunnel-agent@0.4.3
64 silly idealTree ├── type-is@1.6.13
64 silly idealTree ├── ua-parser-js@0.7.10
64 silly idealTree ├── ultron@1.0.2
64 silly idealTree ├── underscore.string@3.2.3
64 silly idealTree ├── underscore@1.7.0
64 silly idealTree ├── unpipe@1.0.0
64 silly idealTree ├── utf8@2.1.0
64 silly idealTree ├── util-deprecate@1.0.2
64 silly idealTree ├── utils-merge@1.0.0
64 silly idealTree ├── validate-npm-package-license@3.0.1
64 silly idealTree ├── websocket-driver@0.6.5
64 silly idealTree ├── websocket-extensions@0.1.1
64 silly idealTree ├─┬ websocket.io@0.2.1
64 silly idealTree │ ├── commander@0.6.1
64 silly idealTree │ ├── options@0.0.6
64 silly idealTree │ └── ws@0.4.20
64 silly idealTree ├── weinre@2.0.0-pre-I0Z7U9OV
64 silly idealTree ├── which@1.2.10
64 silly idealTree ├── window-size@0.1.4
64 silly idealTree ├── wrap-ansi@2.0.0
64 silly idealTree ├── wrappy@1.0.2
64 silly idealTree ├── ws@1.0.1
64 silly idealTree ├── xmlhttprequest-ssl@1.5.1
64 silly idealTree ├── xtend@4.0.1
64 silly idealTree ├── y18n@3.2.1
64 silly idealTree ├── yallist@2.0.0
64 silly idealTree ├── yargs-parser@2.4.0
64 silly idealTree ├─┬ yargs@4.7.1
64 silly idealTree │ ├── camelcase@3.0.0
64 silly idealTree │ └── window-size@0.2.0
64 silly idealTree └── yeast@0.1.2
65 silly generateActionsToTake Starting
66 silly install generateActionsToTake
67 silly generateActionsToTake Finishing
68 silly diffTrees action count 3
69 silly diffTrees update grunt-cli@1.2.0
70 silly diffTrees update grunt-compass@0.3.9
71 silly diffTrees update grunt-livereload@0.1.3
72 silly decomposeActions action count 24
73 silly decomposeActions fetch grunt-cli@1.2.0
74 silly decomposeActions extract grunt-cli@1.2.0
75 silly decomposeActions test grunt-cli@1.2.0
76 silly decomposeActions preinstall grunt-cli@1.2.0
77 silly decomposeActions build grunt-cli@1.2.0
78 silly decomposeActions install grunt-cli@1.2.0
79 silly decomposeActions postinstall grunt-cli@1.2.0
80 silly decomposeActions finalize grunt-cli@1.2.0
81 silly decomposeActions fetch grunt-compass@0.3.9
82 silly decomposeActions extract grunt-compass@0.3.9
83 silly decomposeActions test grunt-compass@0.3.9
84 silly decomposeActions preinstall grunt-compass@0.3.9
85 silly decomposeActions build grunt-compass@0.3.9
86 silly decomposeActions install grunt-compass@0.3.9
87 silly decomposeActions postinstall grunt-compass@0.3.9
88 silly decomposeActions finalize grunt-compass@0.3.9
89 silly decomposeActions fetch grunt-livereload@0.1.3
90 silly decomposeActions extract grunt-livereload@0.1.3
91 silly decomposeActions test grunt-livereload@0.1.3
92 silly decomposeActions preinstall grunt-livereload@0.1.3
93 silly decomposeActions build grunt-livereload@0.1.3
94 silly decomposeActions install grunt-livereload@0.1.3
95 silly decomposeActions postinstall grunt-livereload@0.1.3
96 silly decomposeActions finalize grunt-livereload@0.1.3
97 silly executeActions Starting
98 silly install executeActions
99 silly doSerial global-install 0
100 silly doParallel fetch 3
101 verbose correctMkdir /Users/gracekim/.npm/_locks correctMkdir not in flight; initializing
102 verbose lock using /Users/gracekim/.npm/_locks/staging-c95ff9feca280e05.lock for /Users/gracekim/Sites/olay/node_modules/.staging
103 silly doParallel extract 3
104 silly extract grunt-cli@1.2.0
105 silly extract grunt-compass@0.3.9
106 silly extract grunt-livereload@0.1.3
107 silly addNamed grunt-livereload@0.1.3
108 verbose addNamed "0.1.3" is a plain semver version for grunt-livereload
109 silly mapToRegistry name grunt-livereload
110 silly mapToRegistry using default registry
111 silly mapToRegistry registry https://registry.npmjs.org/
112 silly mapToRegistry data Result {
112 silly mapToRegistry   raw: 'grunt-livereload',
112 silly mapToRegistry   scope: null,
112 silly mapToRegistry   name: 'grunt-livereload',
112 silly mapToRegistry   rawSpec: '',
112 silly mapToRegistry   spec: 'latest',
112 silly mapToRegistry   type: 'tag' }
113 silly mapToRegistry uri https://registry.npmjs.org/grunt-livereload
114 verbose addNameVersion registry:https://registry.npmjs.org/grunt-livereload not in flight; fetching
115 verbose unbuild node_modules/.staging/grunt-compass-e850b6df
116 verbose unbuild node_modules/.staging/grunt-cli-d59ceb99
117 silly gentlyRm /Users/gracekim/Sites/olay/node_modules/.staging/grunt-compass-e850b6df is being purged from base /Users/gracekim/Sites/olay
118 verbose gentlyRm don't care about contents; nuking /Users/gracekim/Sites/olay/node_modules/.staging/grunt-compass-e850b6df
119 silly gentlyRm /Users/gracekim/Sites/olay/node_modules/.staging/grunt-cli-d59ceb99 is being purged from base /Users/gracekim/Sites/olay
120 verbose gentlyRm don't care about contents; nuking /Users/gracekim/Sites/olay/node_modules/.staging/grunt-cli-d59ceb99
121 verbose tar unpack /Users/gracekim/.npm/grunt-compass/0.3.9/package.tgz
122 verbose tar unpacking to /Users/gracekim/Sites/olay/node_modules/.staging/grunt-compass-e850b6df
123 silly gentlyRm /Users/gracekim/Sites/olay/node_modules/.staging/grunt-compass-e850b6df is being purged
124 verbose gentlyRm don't care about contents; nuking /Users/gracekim/Sites/olay/node_modules/.staging/grunt-compass-e850b6df
125 verbose tar unpack /Users/gracekim/.npm/grunt-cli/1.2.0/package.tgz
126 verbose tar unpacking to /Users/gracekim/Sites/olay/node_modules/.staging/grunt-cli-d59ceb99
127 silly gentlyRm /Users/gracekim/Sites/olay/node_modules/.staging/grunt-cli-d59ceb99 is being purged
128 verbose gentlyRm don't care about contents; nuking /Users/gracekim/Sites/olay/node_modules/.staging/grunt-cli-d59ceb99
129 verbose request uri https://registry.npmjs.org/grunt-livereload
130 verbose request no auth needed
131 info attempt registry request try #1 at 4:19:41 PM
132 verbose etag "4XJGQVWGW5OS7OP1CNWV9MPVF"
133 http request GET https://registry.npmjs.org/grunt-livereload
134 silly gunzTarPerm modes [ '755', '644' ]
135 silly gunzTarPerm modes [ '755', '644' ]
136 http 304 https://registry.npmjs.org/grunt-livereload
137 verbose headers { date: 'Mon, 29 Aug 2016 20:19:41 GMT',
137 verbose headers   via: '1.1 varnish',
137 verbose headers   'cache-control': 'max-age=300',
137 verbose headers   etag: '"4XJGQVWGW5OS7OP1CNWV9MPVF"',
137 verbose headers   age: '96',
137 verbose headers   connection: 'keep-alive',
137 verbose headers   'x-served-by': 'cache-jfk8139-JFK',
137 verbose headers   'x-cache': 'HIT',
137 verbose headers   'x-cache-hits': '1',
137 verbose headers   'x-timer': 'S1472501981.777347,VS0,VE0',
137 verbose headers   vary: 'Accept-Encoding' }
138 silly get cb [ 304,
138 silly get   { date: 'Mon, 29 Aug 2016 20:19:41 GMT',
138 silly get     via: '1.1 varnish',
138 silly get     'cache-control': 'max-age=300',
138 silly get     etag: '"4XJGQVWGW5OS7OP1CNWV9MPVF"',
138 silly get     age: '96',
138 silly get     connection: 'keep-alive',
138 silly get     'x-served-by': 'cache-jfk8139-JFK',
138 silly get     'x-cache': 'HIT',
138 silly get     'x-cache-hits': '1',
138 silly get     'x-timer': 'S1472501981.777347,VS0,VE0',
138 silly get     vary: 'Accept-Encoding' } ]
139 verbose etag https://registry.npmjs.org/grunt-livereload from cache
140 verbose get saving grunt-livereload to /Users/gracekim/.npm/registry.npmjs.org/grunt-livereload/.cache.json
141 verbose correctMkdir /Users/gracekim/.npm correctMkdir not in flight; initializing
142 silly gunzTarPerm extractEntry package.json
143 silly gunzTarPerm extractEntry package.json
144 silly gunzTarPerm extractEntry .npmignore
145 silly gunzTarPerm extractEntry README.md
146 silly gunzTarPerm extractEntry README.md
147 silly gunzTarPerm extractEntry CHANGELOG.md
148 silly mapToRegistry name grunt-livereload
149 silly mapToRegistry using default registry
150 silly mapToRegistry registry https://registry.npmjs.org/
151 silly mapToRegistry data Result {
151 silly mapToRegistry   raw: 'grunt-livereload',
151 silly mapToRegistry   scope: null,
151 silly mapToRegistry   name: 'grunt-livereload',
151 silly mapToRegistry   rawSpec: '',
151 silly mapToRegistry   spec: 'latest',
151 silly mapToRegistry   type: 'tag' }
152 silly mapToRegistry uri https://registry.npmjs.org/grunt-livereload
153 verbose addRemoteTarball https://registry.npmjs.org/grunt-livereload/-/grunt-livereload-0.1.3.tgz not in flight; adding
154 verbose addRemoteTarball [ 'https://registry.npmjs.org/grunt-livereload/-/grunt-livereload-0.1.3.tgz',
154 verbose addRemoteTarball   '6b96278435bb8baa112d9c0803e4ba87be45b31a' ]
155 silly gunzTarPerm extractEntry grunt.js
156 silly gunzTarPerm extractEntry .sass-cache/2689a504960bf242271ead074537b696f5fb9646/other.scssc
157 silly gunzTarPerm extractEntry bin/grunt
158 silly gunzTarPerm extractEntry completion/bash
159 info retry fetch attempt 1 at 4:19:41 PM
160 info attempt registry request try #1 at 4:19:41 PM
161 http fetch GET https://registry.npmjs.org/grunt-livereload/-/grunt-livereload-0.1.3.tgz
162 silly gunzTarPerm extractEntry .sass-cache/2689a504960bf242271ead074537b696f5fb9646/test.scssc
163 silly gunzTarPerm extractEntry .travis.yml
164 silly gunzTarPerm extractEntry completion/zsh
165 silly gunzTarPerm extractEntry lib/cli.js
166 http fetch 200 https://registry.npmjs.org/grunt-livereload/-/grunt-livereload-0.1.3.tgz
167 silly gunzTarPerm extractEntry bin/grunt-compass
168 silly fetchAndShaCheck shasum 6b96278435bb8baa112d9c0803e4ba87be45b31a
169 silly gunzTarPerm extractEntry lib/completion.js
170 silly gunzTarPerm extractEntry lib/info.js
171 verbose addTmpTarball /var/folders/1x/0qgsty4n1v93d8t7m_c0fl6r0000gn/T/npm-98717-6b25058d/registry.npmjs.org/grunt-livereload/-/grunt-livereload-0.1.3.tgz not in flight; adding
172 verbose addTmpTarball already have metadata; skipping unpack for grunt-livereload@0.1.3
173 verbose correctMkdir /Users/gracekim/.npm correctMkdir not in flight; initializing
174 silly gunzTarPerm extractEntry LICENSE-MIT
175 silly gunzTarPerm extractEntry tasks/compass-clean.js
176 silly gunzTarPerm extractEntry tasks/compass.js
177 silly gunzTarPerm extractEntry tasks/lib/compass.js
178 verbose unbuild node_modules/.staging/grunt-livereload-79468ee3
179 silly gentlyRm /Users/gracekim/Sites/olay/node_modules/.staging/grunt-livereload-79468ee3 is being purged from base /Users/gracekim/Sites/olay
180 verbose gentlyRm don't care about contents; nuking /Users/gracekim/Sites/olay/node_modules/.staging/grunt-livereload-79468ee3
181 verbose tar unpack /Users/gracekim/.npm/grunt-livereload/0.1.3/package.tgz
182 verbose tar unpacking to /Users/gracekim/Sites/olay/node_modules/.staging/grunt-livereload-79468ee3
183 silly gentlyRm /Users/gracekim/Sites/olay/node_modules/.staging/grunt-livereload-79468ee3 is being purged
184 verbose gentlyRm don't care about contents; nuking /Users/gracekim/Sites/olay/node_modules/.staging/grunt-livereload-79468ee3
185 silly gunzTarPerm modes [ '755', '644' ]
186 silly gunzTarPerm extractEntry test/test_compass.js
187 silly gunzTarPerm extractEntry test/css/other.css
188 silly gunzTarPerm extractEntry package.json
189 silly gunzTarPerm extractEntry .npmignore
190 silly gunzTarPerm extractEntry README.md
191 silly gunzTarPerm extractEntry test/css/test.css
192 silly gunzTarPerm extractEntry test/sass/other.scss
193 silly gunzTarPerm extractEntry LICENSE
194 silly gunzTarPerm extractEntry grunt.js
195 silly gunzTarPerm extractEntry test/sass/test.scss
196 silly gunzTarPerm extractEntry bin/grunt-livereload
197 silly gunzTarPerm extractEntry tasks/livereload.js
198 silly gunzTarPerm extractEntry tasks/lib/server.js
199 silly gunzTarPerm extractEntry tasks/lib/res/livereload.js
200 silly gunzTarPerm extractEntry test/livereload_test.js
201 silly gentlyRm /Users/gracekim/Sites/olay/node_modules/.staging/grunt-cli-d59ceb99/node_modules is being purged
202 verbose gentlyRm don't care about contents; nuking /Users/gracekim/Sites/olay/node_modules/.staging/grunt-cli-d59ceb99/node_modules
203 silly gentlyRm /Users/gracekim/Sites/olay/node_modules/.staging/grunt-compass-e850b6df/node_modules is being purged
204 verbose gentlyRm don't care about contents; nuking /Users/gracekim/Sites/olay/node_modules/.staging/grunt-compass-e850b6df/node_modules
205 silly gentlyRm /Users/gracekim/Sites/olay/node_modules/.staging/grunt-livereload-79468ee3/node_modules is being purged
206 verbose gentlyRm don't care about contents; nuking /Users/gracekim/Sites/olay/node_modules/.staging/grunt-livereload-79468ee3/node_modules
207 silly doParallel preinstall 3
208 silly preinstall grunt-cli@1.2.0 /Users/gracekim/Sites/olay/node_modules/.staging/grunt-cli-d59ceb99
209 info lifecycle grunt-cli@1.2.0~preinstall: grunt-cli@1.2.0
210 silly preinstall grunt-compass@0.3.9 /Users/gracekim/Sites/olay/node_modules/.staging/grunt-compass-e850b6df
211 info lifecycle grunt-compass@0.3.9~preinstall: grunt-compass@0.3.9
212 silly preinstall grunt-livereload@0.1.3 /Users/gracekim/Sites/olay/node_modules/.staging/grunt-livereload-79468ee3
213 info lifecycle grunt-livereload@0.1.3~preinstall: grunt-livereload@0.1.3
214 silly lifecycle grunt-compass@0.3.9~preinstall: no script for preinstall, continuing
215 silly lifecycle grunt-cli@1.2.0~preinstall: no script for preinstall, continuing
216 silly lifecycle grunt-livereload@0.1.3~preinstall: no script for preinstall, continuing
217 silly doReverseSerial remove 0
218 silly doSerial move 0
219 silly doSerial finalize 3
220 silly finalize /Users/gracekim/Sites/olay/node_modules/grunt-cli
221 silly finalize /Users/gracekim/Sites/olay/node_modules/grunt-compass
222 silly finalize /Users/gracekim/Sites/olay/node_modules/grunt-livereload
223 verbose unlock done using /Users/gracekim/.npm/_locks/staging-c95ff9feca280e05.lock for /Users/gracekim/Sites/olay/node_modules/.staging
224 silly rollbackFailedOptional Starting
225 silly rollbackFailedOptional Finishing
226 silly runTopLevelLifecycles Starting
227 silly runTopLevelLifecycles Finishing
228 silly install printInstalled
229 warn olay@1.0.0 No description
230 warn olay@1.0.0 No repository field.
231 verbose stack Error: EACCES: permission denied, rename '/Users/gracekim/Sites/olay/node_modules/.grunt-livereload.DELETE/node_modules/debug' -> '/Users/gracekim/Sites/olay/node_modules/grunt-livereload/node_modules/debug'
231 verbose stack     at /usr/local/lib/node_modules/npm/lib/install/action/finalize.js:64:7
231 verbose stack     at /usr/local/lib/node_modules/npm/node_modules/slide/lib/async-map.js:52:35
231 verbose stack     at Array.forEach (native)
231 verbose stack     at /usr/local/lib/node_modules/npm/node_modules/slide/lib/async-map.js:52:11
231 verbose stack     at Array.forEach (native)
231 verbose stack     at asyncMap (/usr/local/lib/node_modules/npm/node_modules/slide/lib/async-map.js:51:8)
231 verbose stack     at moveModules (/usr/local/lib/node_modules/npm/lib/install/action/finalize.js:61:5)
231 verbose stack     at /usr/local/lib/node_modules/npm/lib/install/action/finalize.js:56:70
231 verbose stack     at /usr/local/lib/node_modules/npm/node_modules/mkdirp/index.js:30:20
231 verbose stack     at FSReqWrap.oncomplete (fs.js:117:15)
231 verbose stack
231 verbose stack Error: EACCES: permission denied, rename '/Users/gracekim/Sites/olay/node_modules/.grunt-livereload.DELETE/node_modules/debug' -> '/Users/gracekim/Sites/olay/node_modules/grunt-livereload/node_modules/debug'
231 verbose stack     at Error (native)
232 verbose cwd /Users/gracekim/Sites/olay
233 error Darwin 15.0.0
234 error argv "/usr/local/bin/node" "/usr/local/bin/npm" "install" "grunt-compass"
235 error node v6.2.1
236 error npm  v3.9.5
237 error path /Users/gracekim/Sites/olay/node_modules/.grunt-livereload.DELETE/node_modules/debug
238 error code EACCES
239 error errno -13
240 error syscall rename
241 error Error: EACCES: permission denied, rename '/Users/gracekim/Sites/olay/node_modules/.grunt-livereload.DELETE/node_modules/debug' -> '/Users/gracekim/Sites/olay/node_modules/grunt-livereload/node_modules/debug'
241 error     at /usr/local/lib/node_modules/npm/lib/install/action/finalize.js:64:7
241 error     at /usr/local/lib/node_modules/npm/node_modules/slide/lib/async-map.js:52:35
241 error     at Array.forEach (native)
241 error     at /usr/local/lib/node_modules/npm/node_modules/slide/lib/async-map.js:52:11
241 error     at Array.forEach (native)
241 error     at asyncMap (/usr/local/lib/node_modules/npm/node_modules/slide/lib/async-map.js:51:8)
241 error     at moveModules (/usr/local/lib/node_modules/npm/lib/install/action/finalize.js:61:5)
241 error     at /usr/local/lib/node_modules/npm/lib/install/action/finalize.js:56:70
241 error     at /usr/local/lib/node_modules/npm/node_modules/mkdirp/index.js:30:20
241 error     at FSReqWrap.oncomplete (fs.js:117:15)
241 error
241 error Error: EACCES: permission denied, rename '/Users/gracekim/Sites/olay/node_modules/.grunt-livereload.DELETE/node_modules/debug' -> '/Users/gracekim/Sites/olay/node_modules/grunt-livereload/node_modules/debug'
241 error     at Error (native)
241 error  { Error: EACCES: permission denied, rename '/Users/gracekim/Sites/olay/node_modules/.grunt-livereload.DELETE/node_modules/debug' -> '/Users/gracekim/Sites/olay/node_modules/grunt-livereload/node_modules/debug'
241 error     at /usr/local/lib/node_modules/npm/lib/install/action/finalize.js:64:7
241 error     at /usr/local/lib/node_modules/npm/node_modules/slide/lib/async-map.js:52:35
241 error     at Array.forEach (native)
241 error     at /usr/local/lib/node_modules/npm/node_modules/slide/lib/async-map.js:52:11
241 error     at Array.forEach (native)
241 error     at asyncMap (/usr/local/lib/node_modules/npm/node_modules/slide/lib/async-map.js:51:8)
241 error     at moveModules (/usr/local/lib/node_modules/npm/lib/install/action/finalize.js:61:5)
241 error     at /usr/local/lib/node_modules/npm/lib/install/action/finalize.js:56:70
241 error     at /usr/local/lib/node_modules/npm/node_modules/mkdirp/index.js:30:20
241 error     at FSReqWrap.oncomplete (fs.js:117:15)
241 error
241 error Error: EACCES: permission denied, rename '/Users/gracekim/Sites/olay/node_modules/.grunt-livereload.DELETE/node_modules/debug' -> '/Users/gracekim/Sites/olay/node_modules/grunt-livereload/node_modules/debug'
241 error     at Error (native) parent: 'olay' }
242 error Please try running this command again as root/Administrator.
243 verbose exit [ -13, true ]
